#
# There is insufficient memory for the Java Runtime Environment to continue.
# Native memory allocation (malloc) failed to allocate 314704 bytes for Chunk::new
# Possible reasons:
#   The system is out of physical RAM or swap space
#   The process is running with CompressedOops enabled, and the Java Heap may be blocking the growth of the native heap
# Possible solutions:
#   Reduce memory load on the system
#   Increase physical memory or swap space
#   Check if swap backing store is full
#   Decrease Java heap size (-Xmx/-Xms)
#   Decrease number of Java threads
#   Decrease Java thread stack sizes (-Xss)
#   Set larger code cache with -XX:ReservedCodeCacheSize=
#   JVM is running with Zero Based Compressed Oops mode in which the Java heap is
#     placed in the first 32GB address space. The Java Heap base address is the
#     maximum limit for the native heap growth. Please use -XX:HeapBaseMinAddress
#     to set the Java Heap base and to place the Java Heap above 32GB virtual address.
# This output file may be truncated or incomplete.
#
#  Out of Memory Error (arena.cpp:168), pid=23272, tid=30344
#
# JRE version: Java(TM) SE Runtime Environment (21.0.4+8) (build 21.0.4+8-LTS-274)
# Java VM: Java HotSpot(TM) 64-Bit Server VM (21.0.4+8-LTS-274, mixed mode, sharing, tiered, compressed oops, compressed class ptrs, g1 gc, windows-amd64)
# No core dump will be written. Minidumps are not enabled by default on client versions of Windows
#

---------------  S U M M A R Y ------------

Command Line: C:\Users\shrih\AppData\Local\Temp\surefire14035057705058009792\surefirebooter-20241213185824348_3.jar C:\Users\shrih\AppData\Local\Temp\surefire14035057705058009792 2024-12-13T18-58-24_231-jvmRun1 surefire-20241213185824348_1tmp surefire_0-20241213185824348_2tmp

Host: 12th Gen Intel(R) Core(TM) i7-12700H, 20 cores, 15G,  Windows 11 , 64 bit Build 22621 (10.0.22621.4391)
Time: Fri Dec 13 18:58:25 2024 India Standard Time elapsed time: 0.634611 seconds (0d 0h 0m 0s)

---------------  T H R E A D  ---------------

Current thread (0x00000264f54a8020):  JavaThread "C2 CompilerThread1" daemon [_thread_in_native, id=30344, stack(0x000000f239300000,0x000000f239400000) (1024K)]


Current CompileTask:
C2:    634 1508       4       java.io.DataInputStream::readFully (59 bytes)

Stack: [0x000000f239300000,0x000000f239400000]
Native frames: (J=compiled Java code, j=interpreted, Vv=VM code, C=native code)
V  [jvm.dll+0x6c8e59]
V  [jvm.dll+0x853181]
V  [jvm.dll+0x8556ae]
V  [jvm.dll+0x855d83]
V  [jvm.dll+0x27d526]
V  [jvm.dll+0xc4aad]
V  [jvm.dll+0xc4fe3]
V  [jvm.dll+0x3b400c]
V  [jvm.dll+0x1df439]
V  [jvm.dll+0x2463d2]
V  [jvm.dll+0x24585f]
V  [jvm.dll+0x1c69de]
V  [jvm.dll+0x254d49]
V  [jvm.dll+0x2532da]
V  [jvm.dll+0x3ed426]
V  [jvm.dll+0x7fd65b]
V  [jvm.dll+0x6c753d]
C  [ucrtbase.dll+0x29333]
C  [KERNEL32.DLL+0x1259d]
C  [ntdll.dll+0x5af38]


---------------  P R O C E S S  ---------------

Threads class SMR info:
_java_thread_list=0x00000264f555e390, length=18, elements={
0x00000264d4f95220, 0x00000264f46b6a30, 0x00000264f46b7850, 0x00000264f46bb0b0,
0x00000264f46bbd10, 0x00000264f46be8b0, 0x00000264f51685b0, 0x00000264f51769a0,
0x00000264f51812b0, 0x00000264f52abbc0, 0x00000264f52af4c0, 0x00000264f52f0f10,
0x00000264f52f5cc0, 0x00000264f54a8020, 0x00000264f5792710, 0x00000264f5b0a9d0,
0x00000264f54a6bb0, 0x00000264f54a8dc0
}

Java Threads: ( => current thread )
  0x00000264d4f95220 JavaThread "main"                              [_thread_in_vm, id=30264, stack(0x000000f237f00000,0x000000f238000000) (1024K)]
  0x00000264f46b6a30 JavaThread "Reference Handler"          daemon [_thread_blocked, id=6316, stack(0x000000f238700000,0x000000f238800000) (1024K)]
  0x00000264f46b7850 JavaThread "Finalizer"                  daemon [_thread_blocked, id=24716, stack(0x000000f238800000,0x000000f238900000) (1024K)]
  0x00000264f46bb0b0 JavaThread "Signal Dispatcher"          daemon [_thread_blocked, id=18232, stack(0x000000f238900000,0x000000f238a00000) (1024K)]
  0x00000264f46bbd10 JavaThread "Attach Listener"            daemon [_thread_blocked, id=20220, stack(0x000000f238a00000,0x000000f238b00000) (1024K)]
  0x00000264f46be8b0 JavaThread "Service Thread"             daemon [_thread_blocked, id=31468, stack(0x000000f238b00000,0x000000f238c00000) (1024K)]
  0x00000264f51685b0 JavaThread "Monitor Deflation Thread"   daemon [_thread_blocked, id=26132, stack(0x000000f238c00000,0x000000f238d00000) (1024K)]
  0x00000264f51769a0 JavaThread "C2 CompilerThread0"         daemon [_thread_in_native, id=29800, stack(0x000000f238d00000,0x000000f238e00000) (1024K)]
  0x00000264f51812b0 JavaThread "C1 CompilerThread0"         daemon [_thread_in_native, id=20576, stack(0x000000f238e00000,0x000000f238f00000) (1024K)]
  0x00000264f52abbc0 JavaThread "C1 CompilerThread1"         daemon [_thread_blocked, id=20584, stack(0x000000f238f00000,0x000000f239000000) (1024K)]
  0x00000264f52af4c0 JavaThread "C1 CompilerThread2"         daemon [_thread_in_native, id=30352, stack(0x000000f239000000,0x000000f239100000) (1024K)]
  0x00000264f52f0f10 JavaThread "Notification Thread"        daemon [_thread_blocked, id=19500, stack(0x000000f239100000,0x000000f239200000) (1024K)]
  0x00000264f52f5cc0 JavaThread "Common-Cleaner"             daemon [_thread_blocked, id=20344, stack(0x000000f239200000,0x000000f239300000) (1024K)]
=>0x00000264f54a8020 JavaThread "C2 CompilerThread1"         daemon [_thread_in_native, id=30344, stack(0x000000f239300000,0x000000f239400000) (1024K)]
  0x00000264f5792710 JavaThread "surefire-forkedjvm-stream-flusher" daemon [_thread_blocked, id=26036, stack(0x000000f239400000,0x000000f239500000) (1024K)]
  0x00000264f5b0a9d0 JavaThread "surefire-forkedjvm-command-thread" daemon [_thread_in_native, id=22160, stack(0x000000f239500000,0x000000f239600000) (1024K)]
  0x00000264f54a6bb0 JavaThread "C1 CompilerThread3"         daemon [_thread_blocked, id=13644, stack(0x000000f239600000,0x000000f239700000) (1024K)]
  0x00000264f54a8dc0 JavaThread "C2 CompilerThread2"         daemon [_thread_in_native, id=20096, stack(0x000000f239e00000,0x000000f239f00000) (1024K)]
Total: 18

Other Threads:
  0x00000264f469dd20 VMThread "VM Thread"                           [id=22132, stack(0x000000f238600000,0x000000f238700000) (1024K)]
  0x00000264f4684550 WatcherThread "VM Periodic Task Thread"        [id=27744, stack(0x000000f238500000,0x000000f238600000) (1024K)]
  0x00000264d4ff6bf0 WorkerThread "GC Thread#0"                     [id=25924, stack(0x000000f238000000,0x000000f238100000) (1024K)]
  0x00000264f469d240 WorkerThread "GC Thread#1"                     [id=3768, stack(0x000000f239700000,0x000000f239800000) (1024K)]
  0x00000264f469e800 WorkerThread "GC Thread#2"                     [id=19072, stack(0x000000f239800000,0x000000f239900000) (1024K)]
  0x00000264f469e460 WorkerThread "GC Thread#3"                     [id=21420, stack(0x000000f239900000,0x000000f239a00000) (1024K)]
  0x00000264f469cea0 WorkerThread "GC Thread#4"                     [id=19332, stack(0x000000f239a00000,0x000000f239b00000) (1024K)]
  0x00000264f469d5e0 WorkerThread "GC Thread#5"                     [id=16812, stack(0x000000f239b00000,0x000000f239c00000) (1024K)]
  0x00000264f469e0c0 WorkerThread "GC Thread#6"                     [id=32132, stack(0x000000f239c00000,0x000000f239d00000) (1024K)]
  0x00000264fa4cd9d0 WorkerThread "GC Thread#7"                     [id=13344, stack(0x000000f239d00000,0x000000f239e00000) (1024K)]
  0x00000264d5007790 ConcurrentGCThread "G1 Main Marker"            [id=2372, stack(0x000000f238100000,0x000000f238200000) (1024K)]
  0x00000264d5008440 WorkerThread "G1 Conc#0"                       [id=30968, stack(0x000000f238200000,0x000000f238300000) (1024K)]
  0x00000264f4553860 ConcurrentGCThread "G1 Refine#0"               [id=32028, stack(0x000000f238300000,0x000000f238400000) (1024K)]
  0x00000264f4554080 ConcurrentGCThread "G1 Service"                [id=30844, stack(0x000000f238400000,0x000000f238500000) (1024K)]
Total: 14

Threads with active compile tasks:
C2 CompilerThread0      647 1505       4       java.io.DataInputStream::readUTF (501 bytes)
C2 CompilerThread1      647 1508       4       java.io.DataInputStream::readFully (59 bytes)
C1 CompilerThread3      647 1541       3       java.lang.ref.ReferenceQueue::<init> (32 bytes)
C2 CompilerThread2      647 1532       4       jdk.internal.loader.URLClassPath::getResource (74 bytes)
Total: 4

VM state: not at safepoint (normal execution)

VM Mutex/Monitor currently owned by a thread: None

Heap address: 0x0000000704400000, size: 4028 MB, Compressed Oops mode: Zero based, Oop shift amount: 3

CDS archive(s) mapped at: [0x0000026480000000-0x0000026480c90000-0x0000026480c90000), size 13172736, SharedBaseAddress: 0x0000026480000000, ArchiveRelocationMode: 1.
Compressed class space mapped at: 0x0000026481000000-0x00000264c1000000, reserved size: 1073741824
Narrow klass base: 0x0000026480000000, Narrow klass shift: 0, Narrow klass range: 0x100000000

GC Precious Log:
 CardTable entry size: 512
 Card Set container configuration: InlinePtr #cards 4 size 8 Array Of Cards #cards 16 size 48 Howl #buckets 8 coarsen threshold 3686 Howl Bitmap #cards 512 size 80 coarsen threshold 460 Card regions per heap region 1 cards per card region 4096
 CPUs: 20 total, 20 available
 Memory: 16108M
 Large Page Support: Disabled
 NUMA Support: Disabled
 Compressed Oops: Enabled (Zero based)
 Heap Region Size: 2M
 Heap Min Capacity: 8M
 Heap Initial Capacity: 252M
 Heap Max Capacity: 4028M
 Pre-touch: Disabled
 Parallel Workers: 15
 Concurrent Workers: 4
 Concurrent Refinement Workers: 15
 Periodic GC: Disabled

Heap:
 garbage-first heap   total 258048K, used 20664K [0x0000000704400000, 0x0000000800000000)
  region size 2048K, 9 young (18432K), 2 survivors (4096K)
 Metaspace       used 7788K, committed 8000K, reserved 1114112K
  class space    used 926K, committed 1024K, reserved 1048576K

Heap Regions: E=young(eden), S=young(survivor), O=old, HS=humongous(starts), HC=humongous(continues), CS=collection set, F=free, TAMS=top-at-mark-start, PB=parsable bottom
|   0|0x0000000704400000, 0x0000000704600000, 0x0000000704600000|100%| O|  |TAMS 0x0000000704400000| PB 0x0000000704400000| Untracked 
|   1|0x0000000704600000, 0x0000000704800000, 0x0000000704800000|100%| O|  |TAMS 0x0000000704600000| PB 0x0000000704600000| Untracked 
|   2|0x0000000704800000, 0x000000070482e010, 0x0000000704a00000|  8%| O|  |TAMS 0x0000000704800000| PB 0x0000000704800000| Untracked 
|   3|0x0000000704a00000, 0x0000000704a00000, 0x0000000704c00000|  0%| F|  |TAMS 0x0000000704a00000| PB 0x0000000704a00000| Untracked 
|   4|0x0000000704c00000, 0x0000000704c00000, 0x0000000704e00000|  0%| F|  |TAMS 0x0000000704c00000| PB 0x0000000704c00000| Untracked 
|   5|0x0000000704e00000, 0x0000000704e00000, 0x0000000705000000|  0%| F|  |TAMS 0x0000000704e00000| PB 0x0000000704e00000| Untracked 
|   6|0x0000000705000000, 0x0000000705000000, 0x0000000705200000|  0%| F|  |TAMS 0x0000000705000000| PB 0x0000000705000000| Untracked 
|   7|0x0000000705200000, 0x0000000705200000, 0x0000000705400000|  0%| F|  |TAMS 0x0000000705200000| PB 0x0000000705200000| Untracked 
|   8|0x0000000705400000, 0x0000000705400000, 0x0000000705600000|  0%| F|  |TAMS 0x0000000705400000| PB 0x0000000705400000| Untracked 
|   9|0x0000000705600000, 0x0000000705600000, 0x0000000705800000|  0%| F|  |TAMS 0x0000000705600000| PB 0x0000000705600000| Untracked 
|  10|0x0000000705800000, 0x0000000705800000, 0x0000000705a00000|  0%| F|  |TAMS 0x0000000705800000| PB 0x0000000705800000| Untracked 
|  11|0x0000000705a00000, 0x0000000705a00000, 0x0000000705c00000|  0%| F|  |TAMS 0x0000000705a00000| PB 0x0000000705a00000| Untracked 
|  12|0x0000000705c00000, 0x0000000705c00000, 0x0000000705e00000|  0%| F|  |TAMS 0x0000000705c00000| PB 0x0000000705c00000| Untracked 
|  13|0x0000000705e00000, 0x0000000705e00000, 0x0000000706000000|  0%| F|  |TAMS 0x0000000705e00000| PB 0x0000000705e00000| Untracked 
|  14|0x0000000706000000, 0x0000000706000000, 0x0000000706200000|  0%| F|  |TAMS 0x0000000706000000| PB 0x0000000706000000| Untracked 
|  15|0x0000000706200000, 0x0000000706200000, 0x0000000706400000|  0%| F|  |TAMS 0x0000000706200000| PB 0x0000000706200000| Untracked 
|  16|0x0000000706400000, 0x0000000706400000, 0x0000000706600000|  0%| F|  |TAMS 0x0000000706400000| PB 0x0000000706400000| Untracked 
|  17|0x0000000706600000, 0x0000000706600000, 0x0000000706800000|  0%| F|  |TAMS 0x0000000706600000| PB 0x0000000706600000| Untracked 
|  18|0x0000000706800000, 0x0000000706800000, 0x0000000706a00000|  0%| F|  |TAMS 0x0000000706800000| PB 0x0000000706800000| Untracked 
|  19|0x0000000706a00000, 0x0000000706a00000, 0x0000000706c00000|  0%| F|  |TAMS 0x0000000706a00000| PB 0x0000000706a00000| Untracked 
|  20|0x0000000706c00000, 0x0000000706c00000, 0x0000000706e00000|  0%| F|  |TAMS 0x0000000706c00000| PB 0x0000000706c00000| Untracked 
|  21|0x0000000706e00000, 0x0000000706e00000, 0x0000000707000000|  0%| F|  |TAMS 0x0000000706e00000| PB 0x0000000706e00000| Untracked 
|  22|0x0000000707000000, 0x0000000707000000, 0x0000000707200000|  0%| F|  |TAMS 0x0000000707000000| PB 0x0000000707000000| Untracked 
|  23|0x0000000707200000, 0x0000000707200000, 0x0000000707400000|  0%| F|  |TAMS 0x0000000707200000| PB 0x0000000707200000| Untracked 
|  24|0x0000000707400000, 0x0000000707400000, 0x0000000707600000|  0%| F|  |TAMS 0x0000000707400000| PB 0x0000000707400000| Untracked 
|  25|0x0000000707600000, 0x0000000707600000, 0x0000000707800000|  0%| F|  |TAMS 0x0000000707600000| PB 0x0000000707600000| Untracked 
|  26|0x0000000707800000, 0x0000000707800000, 0x0000000707a00000|  0%| F|  |TAMS 0x0000000707800000| PB 0x0000000707800000| Untracked 
|  27|0x0000000707a00000, 0x0000000707a00000, 0x0000000707c00000|  0%| F|  |TAMS 0x0000000707a00000| PB 0x0000000707a00000| Untracked 
|  28|0x0000000707c00000, 0x0000000707c00000, 0x0000000707e00000|  0%| F|  |TAMS 0x0000000707c00000| PB 0x0000000707c00000| Untracked 
|  29|0x0000000707e00000, 0x0000000707e00000, 0x0000000708000000|  0%| F|  |TAMS 0x0000000707e00000| PB 0x0000000707e00000| Untracked 
|  30|0x0000000708000000, 0x0000000708000000, 0x0000000708200000|  0%| F|  |TAMS 0x0000000708000000| PB 0x0000000708000000| Untracked 
|  31|0x0000000708200000, 0x0000000708200000, 0x0000000708400000|  0%| F|  |TAMS 0x0000000708200000| PB 0x0000000708200000| Untracked 
|  32|0x0000000708400000, 0x0000000708400000, 0x0000000708600000|  0%| F|  |TAMS 0x0000000708400000| PB 0x0000000708400000| Untracked 
|  33|0x0000000708600000, 0x0000000708600000, 0x0000000708800000|  0%| F|  |TAMS 0x0000000708600000| PB 0x0000000708600000| Untracked 
|  34|0x0000000708800000, 0x0000000708800000, 0x0000000708a00000|  0%| F|  |TAMS 0x0000000708800000| PB 0x0000000708800000| Untracked 
|  35|0x0000000708a00000, 0x0000000708a00000, 0x0000000708c00000|  0%| F|  |TAMS 0x0000000708a00000| PB 0x0000000708a00000| Untracked 
|  36|0x0000000708c00000, 0x0000000708c00000, 0x0000000708e00000|  0%| F|  |TAMS 0x0000000708c00000| PB 0x0000000708c00000| Untracked 
|  37|0x0000000708e00000, 0x0000000708e00000, 0x0000000709000000|  0%| F|  |TAMS 0x0000000708e00000| PB 0x0000000708e00000| Untracked 
|  38|0x0000000709000000, 0x0000000709000000, 0x0000000709200000|  0%| F|  |TAMS 0x0000000709000000| PB 0x0000000709000000| Untracked 
|  39|0x0000000709200000, 0x0000000709200000, 0x0000000709400000|  0%| F|  |TAMS 0x0000000709200000| PB 0x0000000709200000| Untracked 
|  40|0x0000000709400000, 0x0000000709400000, 0x0000000709600000|  0%| F|  |TAMS 0x0000000709400000| PB 0x0000000709400000| Untracked 
|  41|0x0000000709600000, 0x0000000709600000, 0x0000000709800000|  0%| F|  |TAMS 0x0000000709600000| PB 0x0000000709600000| Untracked 
|  42|0x0000000709800000, 0x0000000709800000, 0x0000000709a00000|  0%| F|  |TAMS 0x0000000709800000| PB 0x0000000709800000| Untracked 
|  43|0x0000000709a00000, 0x0000000709a00000, 0x0000000709c00000|  0%| F|  |TAMS 0x0000000709a00000| PB 0x0000000709a00000| Untracked 
|  44|0x0000000709c00000, 0x0000000709c00000, 0x0000000709e00000|  0%| F|  |TAMS 0x0000000709c00000| PB 0x0000000709c00000| Untracked 
|  45|0x0000000709e00000, 0x0000000709e00000, 0x000000070a000000|  0%| F|  |TAMS 0x0000000709e00000| PB 0x0000000709e00000| Untracked 
|  46|0x000000070a000000, 0x000000070a000000, 0x000000070a200000|  0%| F|  |TAMS 0x000000070a000000| PB 0x000000070a000000| Untracked 
|  47|0x000000070a200000, 0x000000070a200000, 0x000000070a400000|  0%| F|  |TAMS 0x000000070a200000| PB 0x000000070a200000| Untracked 
|  48|0x000000070a400000, 0x000000070a400000, 0x000000070a600000|  0%| F|  |TAMS 0x000000070a400000| PB 0x000000070a400000| Untracked 
|  49|0x000000070a600000, 0x000000070a600000, 0x000000070a800000|  0%| F|  |TAMS 0x000000070a600000| PB 0x000000070a600000| Untracked 
|  50|0x000000070a800000, 0x000000070a800000, 0x000000070aa00000|  0%| F|  |TAMS 0x000000070a800000| PB 0x000000070a800000| Untracked 
|  51|0x000000070aa00000, 0x000000070aa00000, 0x000000070ac00000|  0%| F|  |TAMS 0x000000070aa00000| PB 0x000000070aa00000| Untracked 
|  52|0x000000070ac00000, 0x000000070ac00000, 0x000000070ae00000|  0%| F|  |TAMS 0x000000070ac00000| PB 0x000000070ac00000| Untracked 
|  53|0x000000070ae00000, 0x000000070ae00000, 0x000000070b000000|  0%| F|  |TAMS 0x000000070ae00000| PB 0x000000070ae00000| Untracked 
|  54|0x000000070b000000, 0x000000070b000000, 0x000000070b200000|  0%| F|  |TAMS 0x000000070b000000| PB 0x000000070b000000| Untracked 
|  55|0x000000070b200000, 0x000000070b200000, 0x000000070b400000|  0%| F|  |TAMS 0x000000070b200000| PB 0x000000070b200000| Untracked 
|  56|0x000000070b400000, 0x000000070b400000, 0x000000070b600000|  0%| F|  |TAMS 0x000000070b400000| PB 0x000000070b400000| Untracked 
|  57|0x000000070b600000, 0x000000070b600000, 0x000000070b800000|  0%| F|  |TAMS 0x000000070b600000| PB 0x000000070b600000| Untracked 
|  58|0x000000070b800000, 0x000000070b800000, 0x000000070ba00000|  0%| F|  |TAMS 0x000000070b800000| PB 0x000000070b800000| Untracked 
|  59|0x000000070ba00000, 0x000000070ba00000, 0x000000070bc00000|  0%| F|  |TAMS 0x000000070ba00000| PB 0x000000070ba00000| Untracked 
|  60|0x000000070bc00000, 0x000000070bc00000, 0x000000070be00000|  0%| F|  |TAMS 0x000000070bc00000| PB 0x000000070bc00000| Untracked 
|  61|0x000000070be00000, 0x000000070be00000, 0x000000070c000000|  0%| F|  |TAMS 0x000000070be00000| PB 0x000000070be00000| Untracked 
|  62|0x000000070c000000, 0x000000070c000000, 0x000000070c200000|  0%| F|  |TAMS 0x000000070c000000| PB 0x000000070c000000| Untracked 
|  63|0x000000070c200000, 0x000000070c200000, 0x000000070c400000|  0%| F|  |TAMS 0x000000070c200000| PB 0x000000070c200000| Untracked 
|  64|0x000000070c400000, 0x000000070c400000, 0x000000070c600000|  0%| F|  |TAMS 0x000000070c400000| PB 0x000000070c400000| Untracked 
|  65|0x000000070c600000, 0x000000070c600000, 0x000000070c800000|  0%| F|  |TAMS 0x000000070c600000| PB 0x000000070c600000| Untracked 
|  66|0x000000070c800000, 0x000000070c800000, 0x000000070ca00000|  0%| F|  |TAMS 0x000000070c800000| PB 0x000000070c800000| Untracked 
|  67|0x000000070ca00000, 0x000000070ca00000, 0x000000070cc00000|  0%| F|  |TAMS 0x000000070ca00000| PB 0x000000070ca00000| Untracked 
|  68|0x000000070cc00000, 0x000000070cc00000, 0x000000070ce00000|  0%| F|  |TAMS 0x000000070cc00000| PB 0x000000070cc00000| Untracked 
|  69|0x000000070ce00000, 0x000000070ce00000, 0x000000070d000000|  0%| F|  |TAMS 0x000000070ce00000| PB 0x000000070ce00000| Untracked 
|  70|0x000000070d000000, 0x000000070d000000, 0x000000070d200000|  0%| F|  |TAMS 0x000000070d000000| PB 0x000000070d000000| Untracked 
|  71|0x000000070d200000, 0x000000070d200000, 0x000000070d400000|  0%| F|  |TAMS 0x000000070d200000| PB 0x000000070d200000| Untracked 
|  72|0x000000070d400000, 0x000000070d400000, 0x000000070d600000|  0%| F|  |TAMS 0x000000070d400000| PB 0x000000070d400000| Untracked 
|  73|0x000000070d600000, 0x000000070d600000, 0x000000070d800000|  0%| F|  |TAMS 0x000000070d600000| PB 0x000000070d600000| Untracked 
|  74|0x000000070d800000, 0x000000070d800000, 0x000000070da00000|  0%| F|  |TAMS 0x000000070d800000| PB 0x000000070d800000| Untracked 
|  75|0x000000070da00000, 0x000000070da00000, 0x000000070dc00000|  0%| F|  |TAMS 0x000000070da00000| PB 0x000000070da00000| Untracked 
|  76|0x000000070dc00000, 0x000000070dc00000, 0x000000070de00000|  0%| F|  |TAMS 0x000000070dc00000| PB 0x000000070dc00000| Untracked 
|  77|0x000000070de00000, 0x000000070de00000, 0x000000070e000000|  0%| F|  |TAMS 0x000000070de00000| PB 0x000000070de00000| Untracked 
|  78|0x000000070e000000, 0x000000070e000000, 0x000000070e200000|  0%| F|  |TAMS 0x000000070e000000| PB 0x000000070e000000| Untracked 
|  79|0x000000070e200000, 0x000000070e200000, 0x000000070e400000|  0%| F|  |TAMS 0x000000070e200000| PB 0x000000070e200000| Untracked 
|  80|0x000000070e400000, 0x000000070e400000, 0x000000070e600000|  0%| F|  |TAMS 0x000000070e400000| PB 0x000000070e400000| Untracked 
|  81|0x000000070e600000, 0x000000070e600000, 0x000000070e800000|  0%| F|  |TAMS 0x000000070e600000| PB 0x000000070e600000| Untracked 
|  82|0x000000070e800000, 0x000000070e800000, 0x000000070ea00000|  0%| F|  |TAMS 0x000000070e800000| PB 0x000000070e800000| Untracked 
|  83|0x000000070ea00000, 0x000000070ea00000, 0x000000070ec00000|  0%| F|  |TAMS 0x000000070ea00000| PB 0x000000070ea00000| Untracked 
|  84|0x000000070ec00000, 0x000000070ec00000, 0x000000070ee00000|  0%| F|  |TAMS 0x000000070ec00000| PB 0x000000070ec00000| Untracked 
|  85|0x000000070ee00000, 0x000000070ee00000, 0x000000070f000000|  0%| F|  |TAMS 0x000000070ee00000| PB 0x000000070ee00000| Untracked 
|  86|0x000000070f000000, 0x000000070f000000, 0x000000070f200000|  0%| F|  |TAMS 0x000000070f000000| PB 0x000000070f000000| Untracked 
|  87|0x000000070f200000, 0x000000070f200000, 0x000000070f400000|  0%| F|  |TAMS 0x000000070f200000| PB 0x000000070f200000| Untracked 
|  88|0x000000070f400000, 0x000000070f400000, 0x000000070f600000|  0%| F|  |TAMS 0x000000070f400000| PB 0x000000070f400000| Untracked 
|  89|0x000000070f600000, 0x000000070f600000, 0x000000070f800000|  0%| F|  |TAMS 0x000000070f600000| PB 0x000000070f600000| Untracked 
|  90|0x000000070f800000, 0x000000070f800000, 0x000000070fa00000|  0%| F|  |TAMS 0x000000070f800000| PB 0x000000070f800000| Untracked 
|  91|0x000000070fa00000, 0x000000070fa00000, 0x000000070fc00000|  0%| F|  |TAMS 0x000000070fa00000| PB 0x000000070fa00000| Untracked 
|  92|0x000000070fc00000, 0x000000070fc00000, 0x000000070fe00000|  0%| F|  |TAMS 0x000000070fc00000| PB 0x000000070fc00000| Untracked 
|  93|0x000000070fe00000, 0x000000070fe00000, 0x0000000710000000|  0%| F|  |TAMS 0x000000070fe00000| PB 0x000000070fe00000| Untracked 
|  94|0x0000000710000000, 0x0000000710000000, 0x0000000710200000|  0%| F|  |TAMS 0x0000000710000000| PB 0x0000000710000000| Untracked 
|  95|0x0000000710200000, 0x0000000710200000, 0x0000000710400000|  0%| F|  |TAMS 0x0000000710200000| PB 0x0000000710200000| Untracked 
|  96|0x0000000710400000, 0x0000000710400000, 0x0000000710600000|  0%| F|  |TAMS 0x0000000710400000| PB 0x0000000710400000| Untracked 
|  97|0x0000000710600000, 0x0000000710600000, 0x0000000710800000|  0%| F|  |TAMS 0x0000000710600000| PB 0x0000000710600000| Untracked 
|  98|0x0000000710800000, 0x0000000710800000, 0x0000000710a00000|  0%| F|  |TAMS 0x0000000710800000| PB 0x0000000710800000| Untracked 
|  99|0x0000000710a00000, 0x0000000710a00000, 0x0000000710c00000|  0%| F|  |TAMS 0x0000000710a00000| PB 0x0000000710a00000| Untracked 
| 100|0x0000000710c00000, 0x0000000710c00000, 0x0000000710e00000|  0%| F|  |TAMS 0x0000000710c00000| PB 0x0000000710c00000| Untracked 
| 101|0x0000000710e00000, 0x0000000710e00000, 0x0000000711000000|  0%| F|  |TAMS 0x0000000710e00000| PB 0x0000000710e00000| Untracked 
| 102|0x0000000711000000, 0x0000000711000000, 0x0000000711200000|  0%| F|  |TAMS 0x0000000711000000| PB 0x0000000711000000| Untracked 
| 103|0x0000000711200000, 0x0000000711200000, 0x0000000711400000|  0%| F|  |TAMS 0x0000000711200000| PB 0x0000000711200000| Untracked 
| 104|0x0000000711400000, 0x0000000711400000, 0x0000000711600000|  0%| F|  |TAMS 0x0000000711400000| PB 0x0000000711400000| Untracked 
| 105|0x0000000711600000, 0x0000000711600000, 0x0000000711800000|  0%| F|  |TAMS 0x0000000711600000| PB 0x0000000711600000| Untracked 
| 106|0x0000000711800000, 0x0000000711800000, 0x0000000711a00000|  0%| F|  |TAMS 0x0000000711800000| PB 0x0000000711800000| Untracked 
| 107|0x0000000711a00000, 0x0000000711a00000, 0x0000000711c00000|  0%| F|  |TAMS 0x0000000711a00000| PB 0x0000000711a00000| Untracked 
| 108|0x0000000711c00000, 0x0000000711c00000, 0x0000000711e00000|  0%| F|  |TAMS 0x0000000711c00000| PB 0x0000000711c00000| Untracked 
| 109|0x0000000711e00000, 0x0000000711e00000, 0x0000000712000000|  0%| F|  |TAMS 0x0000000711e00000| PB 0x0000000711e00000| Untracked 
| 110|0x0000000712000000, 0x0000000712000000, 0x0000000712200000|  0%| F|  |TAMS 0x0000000712000000| PB 0x0000000712000000| Untracked 
| 111|0x0000000712200000, 0x0000000712200000, 0x0000000712400000|  0%| F|  |TAMS 0x0000000712200000| PB 0x0000000712200000| Untracked 
| 112|0x0000000712400000, 0x0000000712400000, 0x0000000712600000|  0%| F|  |TAMS 0x0000000712400000| PB 0x0000000712400000| Untracked 
| 113|0x0000000712600000, 0x0000000712800000, 0x0000000712800000|100%| S|CS|TAMS 0x0000000712600000| PB 0x0000000712600000| Complete 
| 114|0x0000000712800000, 0x0000000712a00000, 0x0000000712a00000|100%| S|CS|TAMS 0x0000000712800000| PB 0x0000000712800000| Complete 
| 115|0x0000000712a00000, 0x0000000712a00000, 0x0000000712c00000|  0%| F|  |TAMS 0x0000000712a00000| PB 0x0000000712a00000| Untracked 
| 116|0x0000000712c00000, 0x0000000712c00000, 0x0000000712e00000|  0%| F|  |TAMS 0x0000000712c00000| PB 0x0000000712c00000| Untracked 
| 117|0x0000000712e00000, 0x0000000712e00000, 0x0000000713000000|  0%| F|  |TAMS 0x0000000712e00000| PB 0x0000000712e00000| Untracked 
| 118|0x0000000713000000, 0x0000000713000000, 0x0000000713200000|  0%| F|  |TAMS 0x0000000713000000| PB 0x0000000713000000| Untracked 
| 119|0x0000000713200000, 0x00000007133077d0, 0x0000000713400000| 51%| E|  |TAMS 0x0000000713200000| PB 0x0000000713200000| Complete 
| 120|0x0000000713400000, 0x0000000713600000, 0x0000000713600000|100%| E|CS|TAMS 0x0000000713400000| PB 0x0000000713400000| Complete 
| 121|0x0000000713600000, 0x0000000713800000, 0x0000000713800000|100%| E|CS|TAMS 0x0000000713600000| PB 0x0000000713600000| Complete 
| 122|0x0000000713800000, 0x0000000713a00000, 0x0000000713a00000|100%| E|CS|TAMS 0x0000000713800000| PB 0x0000000713800000| Complete 
| 123|0x0000000713a00000, 0x0000000713c00000, 0x0000000713c00000|100%| E|CS|TAMS 0x0000000713a00000| PB 0x0000000713a00000| Complete 
| 124|0x0000000713c00000, 0x0000000713e00000, 0x0000000713e00000|100%| E|CS|TAMS 0x0000000713c00000| PB 0x0000000713c00000| Complete 
| 125|0x0000000713e00000, 0x0000000714000000, 0x0000000714000000|100%| E|CS|TAMS 0x0000000713e00000| PB 0x0000000713e00000| Complete 

Card table byte_map: [0x00000264ed690000,0x00000264ede70000] _byte_map_base: 0x00000264e9e6e000

Marking Bits: (CMBitMap*) 0x00000264d4ff72f0
 Bits: [0x00000264ede70000, 0x00000264f1d60000)

Polling page: 0x00000264d2ea0000

Metaspace:

Usage:
  Non-class:      6.71 MB used.
      Class:    929.54 KB used.
       Both:      7.62 MB used.

Virtual space:
  Non-class space:       64.00 MB reserved,       6.81 MB ( 11%) committed,  1 nodes.
      Class space:        1.00 GB reserved,       1.00 MB ( <1%) committed,  1 nodes.
             Both:        1.06 GB reserved,       7.81 MB ( <1%) committed. 

Chunk freelists:
   Non-Class:  8.57 MB
       Class:  14.98 MB
        Both:  23.55 MB

MaxMetaspaceSize: unlimited
CompressedClassSpaceSize: 1.00 GB
Initial GC threshold: 21.00 MB
Current GC threshold: 21.00 MB
CDS: on
 - commit_granule_bytes: 65536.
 - commit_granule_words: 8192.
 - virtual_space_node_default_size: 8388608.
 - enlarge_chunks_in_place: 1.
 - use_allocation_guard: 0.


Internal statistics:

num_allocs_failed_limit: 0.
num_arena_births: 154.
num_arena_deaths: 0.
num_vsnodes_births: 2.
num_vsnodes_deaths: 0.
num_space_committed: 125.
num_space_uncommitted: 0.
num_chunks_returned_to_freelist: 0.
num_chunks_taken_from_freelist: 420.
num_chunk_merges: 0.
num_chunk_splits: 233.
num_chunks_enlarged: 130.
num_inconsistent_stats: 0.

CodeHeap 'non-profiled nmethods': size=119168Kb used=527Kb max_used=527Kb free=118640Kb
 bounds [0x00000264e4fa0000, 0x00000264e5210000, 0x00000264ec400000]
CodeHeap 'profiled nmethods': size=119104Kb used=3076Kb max_used=3076Kb free=116027Kb
 bounds [0x00000264dd400000, 0x00000264dd710000, 0x00000264e4850000]
CodeHeap 'non-nmethods': size=7488Kb used=3083Kb max_used=3107Kb free=4405Kb
 bounds [0x00000264e4850000, 0x00000264e4b60000, 0x00000264e4fa0000]
 total_blobs=2039 nmethods=1545 adapters=396
 compilation: enabled
              stopped_count=0, restarted_count=0
 full_count=0

Compilation events (20 events):
Event: 0.615 Thread 0x00000264f54a6bb0 1523   !   3       java.lang.invoke.InnerClassLambdaMetafactory::buildCallSite (150 bytes)
Event: 0.616 Thread 0x00000264f52abbc0 nmethod 1522 0x00000264dd6e7a10 code [0x00000264dd6e7be0, 0x00000264dd6e8170]
Event: 0.616 Thread 0x00000264f52abbc0 1524       3       java.lang.invoke.InnerClassLambdaMetafactory::spinInnerClass (118 bytes)
Event: 0.617 Thread 0x00000264f52abbc0 nmethod 1524 0x00000264dd6e8310 code [0x00000264dd6e84e0, 0x00000264dd6e87e8]
Event: 0.617 Thread 0x00000264f52abbc0 1525       3       java.lang.invoke.LambdaProxyClassArchive::find (63 bytes)
Event: 0.617 Thread 0x00000264f52af4c0 nmethod 1521 0x00000264dd6e8910 code [0x00000264dd6e8d40, 0x00000264dd6eb178]
Event: 0.618 Thread 0x00000264f52abbc0 nmethod 1525 0x00000264dd6ebd10 code [0x00000264dd6ebf20, 0x00000264dd6ec6e8]
Event: 0.618 Thread 0x00000264f54a6bb0 nmethod 1523 0x00000264dd6ec990 code [0x00000264dd6ecd80, 0x00000264dd6ee920]
Event: 0.619 Thread 0x00000264f52abbc0 1526       3       java.lang.invoke.LambdaProxyClassArchive::loadedByBuiltinLoader (22 bytes)
Event: 0.619 Thread 0x00000264f52af4c0 1527       3       jdk.internal.misc.CDS::isSharingEnabled (4 bytes)
Event: 0.619 Thread 0x00000264f52abbc0 nmethod 1526 0x00000264dd6ef690 code [0x00000264dd6ef860, 0x00000264dd6efc68]
Event: 0.619 Thread 0x00000264f52af4c0 nmethod 1527 0x00000264dd6efd90 code [0x00000264dd6eff20, 0x00000264dd6f0010]
Event: 0.619 Thread 0x00000264f54a6bb0 1528       3       java.lang.invoke.MethodHandles$Lookup::getDirectConstructor (10 bytes)
Event: 0.619 Thread 0x00000264f52af4c0 1530       3       java.lang.invoke.ClassSpecializer$SpeciesData::fieldCount (10 bytes)
Event: 0.619 Thread 0x00000264f54a6bb0 nmethod 1528 0x00000264dd6f0090 code [0x00000264dd6f0240, 0x00000264dd6f0380]
Event: 0.620 Thread 0x00000264f52af4c0 nmethod 1530 0x00000264dd6f0410 code [0x00000264dd6f05c0, 0x00000264dd6f07a0]
Event: 0.620 Thread 0x00000264f51812b0 nmethod 1519 0x00000264dd6f0890 code [0x00000264dd6f1360, 0x00000264dd6f8e90]
Event: 0.631 Thread 0x00000264f51812b0 1533       1       java.util.zip.ZipEntry::getName (5 bytes)
Event: 0.631 Thread 0x00000264f51812b0 nmethod 1533 0x00000264e501e310 code [0x00000264e501e4a0, 0x00000264e501e570]
Event: 0.631 Thread 0x00000264f54a8dc0 1532       4       jdk.internal.loader.URLClassPath::getResource (74 bytes)

GC Heap History (2 events):
Event: 0.384 GC heap before
{Heap before GC invocations=0 (full 0):
 garbage-first heap   total 258048K, used 20480K [0x0000000704400000, 0x0000000800000000)
  region size 2048K, 11 young (22528K), 0 survivors (0K)
 Metaspace       used 4001K, committed 4160K, reserved 1114112K
  class space    used 413K, committed 448K, reserved 1048576K
}
Event: 0.388 GC heap after
{Heap after GC invocations=1 (full 0):
 garbage-first heap   total 258048K, used 8376K [0x0000000704400000, 0x0000000800000000)
  region size 2048K, 2 young (4096K), 2 survivors (4096K)
 Metaspace       used 4001K, committed 4160K, reserved 1114112K
  class space    used 413K, committed 448K, reserved 1048576K
}

Dll operation events (9 events):
Event: 0.006 Loaded shared library C:\Program Files\Java\jdk-21\bin\java.dll
Event: 0.036 Loaded shared library C:\Program Files\Java\jdk-21\bin\jsvml.dll
Event: 0.051 Loaded shared library C:\Program Files\Java\jdk-21\bin\net.dll
Event: 0.053 Loaded shared library C:\Program Files\Java\jdk-21\bin\nio.dll
Event: 0.055 Loaded shared library C:\Program Files\Java\jdk-21\bin\zip.dll
Event: 0.094 Loaded shared library C:\Program Files\Java\jdk-21\bin\management.dll
Event: 0.097 Loaded shared library C:\Program Files\Java\jdk-21\bin\management_ext.dll
Event: 0.111 Loaded shared library C:\Program Files\Java\jdk-21\bin\jimage.dll
Event: 0.553 Loaded shared library C:\Program Files\Java\jdk-21\bin\verify.dll

Deoptimization events (20 events):
Event: 0.555 Thread 0x00000264d4f95220 DEOPT PACKING pc=0x00000264e5006cc4 sp=0x000000f237ffc6d0
Event: 0.555 Thread 0x00000264d4f95220 DEOPT UNPACKING pc=0x00000264e48a46a2 sp=0x000000f237ffc608 mode 2
Event: 0.567 Thread 0x00000264d4f95220 Uncommon trap: trap_request=0xffffff45 fr.pc=0x00000264e50049cc relative=0x000000000000008c
Event: 0.567 Thread 0x00000264d4f95220 Uncommon trap: reason=unstable_if action=reinterpret pc=0x00000264e50049cc method=sun.net.www.ParseUtil.firstEncodeIndex(Ljava/lang/String;)I @ 51 c2
Event: 0.567 Thread 0x00000264d4f95220 DEOPT PACKING pc=0x00000264e50049cc sp=0x000000f237ffb850
Event: 0.567 Thread 0x00000264d4f95220 DEOPT UNPACKING pc=0x00000264e48a46a2 sp=0x000000f237ffb7d8 mode 2
Event: 0.584 Thread 0x00000264d4f95220 Uncommon trap: trap_request=0xffffff6e fr.pc=0x00000264e4faba84 relative=0x0000000000000164
Event: 0.584 Thread 0x00000264d4f95220 Uncommon trap: reason=loop_limit_check action=maybe_recompile pc=0x00000264e4faba84 method=java.lang.StringLatin1.lastIndexOf([BII)I @ 19 c2
Event: 0.584 Thread 0x00000264d4f95220 DEOPT PACKING pc=0x00000264e4faba84 sp=0x000000f237ffb750
Event: 0.584 Thread 0x00000264d4f95220 DEOPT UNPACKING pc=0x00000264e48a46a2 sp=0x000000f237ffb6d0 mode 2
Event: 0.607 Thread 0x00000264d4f95220 DEOPT PACKING pc=0x00000264dd6c61eb sp=0x000000f237ff87c0
Event: 0.607 Thread 0x00000264d4f95220 DEOPT UNPACKING pc=0x00000264e48a4e42 sp=0x000000f237ff7cc8 mode 0
Event: 0.615 Thread 0x00000264d4f95220 Uncommon trap: trap_request=0xffffff45 fr.pc=0x00000264e5009514 relative=0x00000000000000f4
Event: 0.615 Thread 0x00000264d4f95220 Uncommon trap: reason=unstable_if action=reinterpret pc=0x00000264e5009514 method=java.util.HashMap.hash(Ljava/lang/Object;)I @ 1 c2
Event: 0.616 Thread 0x00000264d4f95220 DEOPT PACKING pc=0x00000264e5009514 sp=0x000000f237ffbd90
Event: 0.616 Thread 0x00000264d4f95220 DEOPT UNPACKING pc=0x00000264e48a46a2 sp=0x000000f237ffbcd0 mode 2
Event: 0.629 Thread 0x00000264d4f95220 DEOPT PACKING pc=0x00000264dd55be88 sp=0x000000f237ffafe0
Event: 0.629 Thread 0x00000264d4f95220 DEOPT UNPACKING pc=0x00000264e48a4e42 sp=0x000000f237ffa468 mode 0
Event: 0.633 Thread 0x00000264d4f95220 DEOPT PACKING pc=0x00000264dd6c61eb sp=0x000000f237ff79e0
Event: 0.633 Thread 0x00000264d4f95220 DEOPT UNPACKING pc=0x00000264e48a4e42 sp=0x000000f237ff6ee8 mode 0

Classes loaded (20 events):
Event: 0.610 Loading class java/time/zone/ZoneRulesProvider
Event: 0.611 Loading class java/time/zone/ZoneRulesProvider done
Event: 0.611 Loading class java/time/zone/ZoneRulesProvider$1
Event: 0.611 Loading class java/time/zone/ZoneRulesProvider$1 done
Event: 0.611 Loading class java/time/zone/TzdbZoneRulesProvider
Event: 0.611 Loading class java/time/zone/TzdbZoneRulesProvider done
Event: 0.613 Loading class java/time/zone/Ser
Event: 0.613 Loading class java/time/zone/Ser done
Event: 0.613 Loading class java/time/zone/ZoneOffsetTransition
Event: 0.613 Loading class java/time/zone/ZoneOffsetTransition done
Event: 0.627 Loading class java/lang/IllegalAccessError
Event: 0.627 Loading class java/lang/IllegalAccessError done
Event: 0.627 Loading class java/util/IdentityHashMap$EntrySet
Event: 0.627 Loading class java/util/IdentityHashMap$EntrySet done
Event: 0.627 Loading class java/util/IdentityHashMap$EntryIterator
Event: 0.627 Loading class java/util/IdentityHashMap$EntryIterator done
Event: 0.627 Loading class java/util/IdentityHashMap$EntryIterator$Entry
Event: 0.627 Loading class java/util/IdentityHashMap$EntryIterator$Entry done
Event: 0.627 Loading class java/util/IdentityHashMap$ValueIterator
Event: 0.627 Loading class java/util/IdentityHashMap$ValueIterator done

Classes unloaded (0 events):
No events

Classes redefined (0 events):
No events

Internal exceptions (20 events):
Event: 0.444 Thread 0x00000264d4f95220 Exception <a 'java/lang/IncompatibleClassChangeError'{0x0000000713db3568}: Found class java.lang.Object, but interface was expected> (0x0000000713db3568) 
thrown [s\open\src\hotspot\share\interpreter\linkResolver.cpp, line 840]
Event: 0.446 Thread 0x00000264d4f95220 Exception <a 'java/lang/NoSuchMethodError'{0x0000000713a01440}: 'java.lang.Object java.lang.invoke.DirectMethodHandle$Holder.invokeStatic(java.lang.Object, java.lang.Object, int)'> (0x0000000713a01440) 
thrown [s\open\src\hotspot\share\interpreter\linkResolver.cpp, line 773]
Event: 0.456 Thread 0x00000264d4f95220 Exception <a 'java/lang/NoSuchMethodError'{0x0000000713a4e270}: 'void java.lang.invoke.DirectMethodHandle$Holder.invokeSpecial(java.lang.Object, java.lang.Object, java.lang.Object, java.lang.Object, java.lang.Object)'> (0x0000000713a4e270) 
thrown [s\open\src\hotspot\share\interpreter\linkResolver.cpp, line 773]
Event: 0.464 Thread 0x00000264d4f95220 Exception <a 'java/lang/NoSuchMethodError'{0x0000000713aa73f0}: 'long java.lang.invoke.DirectMethodHandle$Holder.invokeSpecial(java.lang.Object, java.lang.Object)'> (0x0000000713aa73f0) 
thrown [s\open\src\hotspot\share\interpreter\linkResolver.cpp, line 773]
Event: 0.464 Thread 0x00000264d4f95220 Exception <a 'java/lang/NoSuchMethodError'{0x0000000713aaa920}: 'long java.lang.invoke.Invokers$Holder.invokeExact_MT(java.lang.Object, java.lang.Object)'> (0x0000000713aaa920) 
thrown [s\open\src\hotspot\share\interpreter\linkResolver.cpp, line 773]
Event: 0.475 Thread 0x00000264d4f95220 Exception <a 'java/lang/NoSuchMethodError'{0x0000000713b00c60}: 'void java.lang.invoke.DirectMethodHandle$Holder.invokeInterface(java.lang.Object, java.lang.Object, java.lang.Object, java.lang.Object)'> (0x0000000713b00c60) 
thrown [s\open\src\hotspot\share\interpreter\linkResolver.cpp, line 773]
Event: 0.475 Thread 0x00000264d4f95220 Exception <a 'java/lang/IncompatibleClassChangeError'{0x0000000713b042a8}: Found class java.lang.Object, but interface was expected> (0x0000000713b042a8) 
thrown [s\open\src\hotspot\share\interpreter\linkResolver.cpp, line 840]
Event: 0.480 Thread 0x00000264d4f95220 Exception <a 'java/lang/NoSuchMethodError'{0x0000000713b26b70}: 'void java.lang.invoke.DirectMethodHandle$Holder.invokeStatic(java.lang.Object, java.lang.Object, java.lang.Object, java.lang.Object)'> (0x0000000713b26b70) 
thrown [s\open\src\hotspot\share\interpreter\linkResolver.cpp, line 773]
Event: 0.491 Thread 0x00000264d4f95220 Exception <a 'java/lang/NoSuchMethodError'{0x0000000713bb3470}: 'int java.lang.invoke.DirectMethodHandle$Holder.invokeStatic(java.lang.Object, java.lang.Object, java.lang.Object, java.lang.Object)'> (0x0000000713bb3470) 
thrown [s\open\src\hotspot\share\interpreter\linkResolver.cpp, line 773]
Event: 0.491 Thread 0x00000264d4f95220 Exception <a 'java/lang/NoSuchMethodError'{0x0000000713bb6af0}: 'java.lang.Object java.lang.invoke.Invokers$Holder.invokeExact_MT(java.lang.Object, java.lang.Object, java.lang.Object, java.lang.Object, java.lang.Object, java.lang.Object)'> (0x0000000713bb6af0) 
thrown [s\open\src\hotspot\share\interpreter\linkResolver.cpp, line 773]
Event: 0.492 Thread 0x00000264d4f95220 Exception <a 'java/lang/NoSuchMethodError'{0x0000000713bc4208}: 'int java.lang.invoke.DirectMethodHandle$Holder.invokeStatic(java.lang.Object, java.lang.Object, java.lang.Object, java.lang.Object, java.lang.Object)'> (0x0000000713bc4208) 
thrown [s\open\src\hotspot\share\interpreter\linkResolver.cpp, line 773]
Event: 0.498 Thread 0x00000264d4f95220 Exception <a 'java/lang/NoSuchMethodError'{0x000000071380e428}: 'void java.lang.invoke.DirectMethodHandle$Holder.invokeStaticInit(java.lang.Object)'> (0x000000071380e428) 
thrown [s\open\src\hotspot\share\interpreter\linkResolver.cpp, line 773]
Event: 0.508 Thread 0x00000264d4f95220 Exception <a 'java/lang/NoSuchMethodError'{0x00000007138b5c60}: 'void java.lang.invoke.DirectMethodHandle$Holder.invokeStaticInit(java.lang.Object, java.lang.Object, java.lang.Object, java.lang.Object)'> (0x00000007138b5c60) 
thrown [s\open\src\hotspot\share\interpreter\linkResolver.cpp, line 773]
Event: 0.516 Thread 0x00000264d4f95220 Exception <a 'java/lang/NoSuchMethodError'{0x0000000713921d30}: 'int java.lang.invoke.DirectMethodHandle$Holder.invokeStaticInit(java.lang.Object, java.lang.Object)'> (0x0000000713921d30) 
thrown [s\open\src\hotspot\share\interpreter\linkResolver.cpp, line 773]
Event: 0.546 Thread 0x00000264d4f95220 Exception <a 'java/lang/NoSuchMethodError'{0x000000071368b2c0}: 'void java.lang.invoke.DirectMethodHandle$Holder.invokeStatic(java.lang.Object, java.lang.Object)'> (0x000000071368b2c0) 
thrown [s\open\src\hotspot\share\interpreter\linkResolver.cpp, line 773]
Event: 0.586 Thread 0x00000264d4f95220 Exception <a 'java/lang/ClassNotFoundException'{0x0000000713442458}: javax/smartcardio/CardPermission> (0x0000000713442458) 
thrown [s\open\src\hotspot\share\classfile\systemDictionary.cpp, line 312]
Event: 0.589 Thread 0x00000264d4f95220 Exception <a 'java/io/FileNotFoundException'{0x0000000713451138}> (0x0000000713451138) 
thrown [s\open\src\hotspot\share\prims\jni.cpp, line 520]
Event: 0.602 Thread 0x00000264d4f95220 Exception <a 'java/lang/NoSuchMethodError'{0x00000007134e26b0}: 'java.lang.Object java.lang.invoke.DirectMethodHandle$Holder.invokeSpecial(java.lang.Object, java.lang.Object, java.lang.Object, long, java.lang.Object)'> (0x00000007134e26b0) 
thrown [s\open\src\hotspot\share\interpreter\linkResolver.cpp, line 773]
Event: 0.602 Thread 0x00000264d4f95220 Exception <a 'java/lang/NoSuchMethodError'{0x00000007134e62b0}: 'java.lang.Object java.lang.invoke.Invokers$Holder.linkToTargetMethod(java.lang.Object, long, java.lang.Object, java.lang.Object)'> (0x00000007134e62b0) 
thrown [s\open\src\hotspot\share\interpreter\linkResolver.cpp, line 773]
Event: 0.615 Thread 0x00000264d4f95220 Implicit null exception at 0x00000264e5009466 to 0x00000264e500950a

ZGC Phase Switch (0 events):
No events

VM Operations (16 events):
Event: 0.056 Executing VM operation: HandshakeAllThreads (Deoptimize)
Event: 0.056 Executing VM operation: HandshakeAllThreads (Deoptimize) done
Event: 0.173 Executing VM operation: HandshakeAllThreads (Deoptimize)
Event: 0.173 Executing VM operation: HandshakeAllThreads (Deoptimize) done
Event: 0.271 Executing VM operation: HandshakeAllThreads (Deoptimize)
Event: 0.271 Executing VM operation: HandshakeAllThreads (Deoptimize) done
Event: 0.384 Executing VM operation: G1CollectForAllocation (G1 Evacuation Pause)
Event: 0.388 Executing VM operation: G1CollectForAllocation (G1 Evacuation Pause) done
Event: 0.460 Executing VM operation: HandshakeAllThreads (Deoptimize)
Event: 0.460 Executing VM operation: HandshakeAllThreads (Deoptimize) done
Event: 0.463 Executing VM operation: HandshakeAllThreads (Deoptimize)
Event: 0.463 Executing VM operation: HandshakeAllThreads (Deoptimize) done
Event: 0.554 Executing VM operation: HandshakeAllThreads (Deoptimize)
Event: 0.555 Executing VM operation: HandshakeAllThreads (Deoptimize) done
Event: 0.566 Executing VM operation: HandshakeAllThreads (Deoptimize)
Event: 0.566 Executing VM operation: HandshakeAllThreads (Deoptimize) done

Events (18 events):
Event: 0.023 Thread 0x00000264d4f95220 Thread added: 0x00000264d4f95220
Event: 0.034 Thread 0x00000264f46b6a30 Thread added: 0x00000264f46b6a30
Event: 0.034 Thread 0x00000264f46b7850 Thread added: 0x00000264f46b7850
Event: 0.035 Thread 0x00000264f46bb0b0 Thread added: 0x00000264f46bb0b0
Event: 0.035 Thread 0x00000264f46bbd10 Thread added: 0x00000264f46bbd10
Event: 0.035 Thread 0x00000264f46be8b0 Thread added: 0x00000264f46be8b0
Event: 0.035 Thread 0x00000264f51685b0 Thread added: 0x00000264f51685b0
Event: 0.035 Thread 0x00000264f51769a0 Thread added: 0x00000264f51769a0
Event: 0.035 Thread 0x00000264f51812b0 Thread added: 0x00000264f51812b0
Event: 0.046 Thread 0x00000264f52abbc0 Thread added: 0x00000264f52abbc0
Event: 0.046 Thread 0x00000264f52af4c0 Thread added: 0x00000264f52af4c0
Event: 0.048 Thread 0x00000264f52f0f10 Thread added: 0x00000264f52f0f10
Event: 0.049 Thread 0x00000264f52f5cc0 Thread added: 0x00000264f52f5cc0
Event: 0.129 Thread 0x00000264f54a8020 Thread added: 0x00000264f54a8020
Event: 0.181 Thread 0x00000264f5792710 Thread added: 0x00000264f5792710
Event: 0.188 Thread 0x00000264f5b0a9d0 Thread added: 0x00000264f5b0a9d0
Event: 0.227 Thread 0x00000264f54a6bb0 Thread added: 0x00000264f54a6bb0
Event: 0.631 Thread 0x00000264f54a8dc0 Thread added: 0x00000264f54a8dc0


Dynamic libraries:
0x00007ff61fed0000 - 0x00007ff61fee0000 	C:\Program Files\Java\jdk-21\bin\java.exe
0x00007ffba0250000 - 0x00007ffba0467000 	C:\WINDOWS\SYSTEM32\ntdll.dll
0x00007ffb9f820000 - 0x00007ffb9f8e4000 	C:\WINDOWS\System32\KERNEL32.DLL
0x00007ffb9d520000 - 0x00007ffb9d8da000 	C:\WINDOWS\System32\KERNELBASE.dll
0x00007ffb9dcb0000 - 0x00007ffb9ddc1000 	C:\WINDOWS\System32\ucrtbase.dll
0x00007ffb958d0000 - 0x00007ffb958e9000 	C:\Program Files\Java\jdk-21\bin\jli.dll
0x00007ffb979a0000 - 0x00007ffb979bb000 	C:\Program Files\Java\jdk-21\bin\VCRUNTIME140.dll
0x00007ffb9ec40000 - 0x00007ffb9ecf2000 	C:\WINDOWS\System32\ADVAPI32.dll
0x00007ffb9fc20000 - 0x00007ffb9fcc7000 	C:\WINDOWS\System32\msvcrt.dll
0x00007ffb9dfd0000 - 0x00007ffb9e077000 	C:\WINDOWS\System32\sechost.dll
0x00007ffb9de70000 - 0x00007ffb9de98000 	C:\WINDOWS\System32\bcrypt.dll
0x00007ffb9fb00000 - 0x00007ffb9fc14000 	C:\WINDOWS\System32\RPCRT4.dll
0x00007ffba0030000 - 0x00007ffba01de000 	C:\WINDOWS\System32\USER32.dll
0x00007ffb87680000 - 0x00007ffb87912000 	C:\WINDOWS\WinSxS\amd64_microsoft.windows.common-controls_6595b64144ccf1df_6.0.22621.4541_none_2710d1c57384c085\COMCTL32.dll
0x00007ffb9df20000 - 0x00007ffb9df46000 	C:\WINDOWS\System32\win32u.dll
0x00007ffb9fcd0000 - 0x00007ffb9fcf9000 	C:\WINDOWS\System32\GDI32.dll
0x00007ffb9d9a0000 - 0x00007ffb9dabb000 	C:\WINDOWS\System32\gdi32full.dll
0x00007ffb9ddd0000 - 0x00007ffb9de6a000 	C:\WINDOWS\System32\msvcp_win.dll
0x00007ffb97af0000 - 0x00007ffb97afa000 	C:\WINDOWS\SYSTEM32\VERSION.dll
0x00007ffb9e1f0000 - 0x00007ffb9e221000 	C:\WINDOWS\System32\IMM32.DLL
0x00007ffb95820000 - 0x00007ffb9582c000 	C:\Program Files\Java\jdk-21\bin\vcruntime140_1.dll
0x00007ffb708a0000 - 0x00007ffb7092e000 	C:\Program Files\Java\jdk-21\bin\msvcp140.dll
0x00007ffaaca00000 - 0x00007ffaad713000 	C:\Program Files\Java\jdk-21\bin\server\jvm.dll
0x00007ffb9f970000 - 0x00007ffb9f9e1000 	C:\WINDOWS\System32\WS2_32.dll
0x00007ffb9c3b0000 - 0x00007ffb9c3fd000 	C:\WINDOWS\SYSTEM32\POWRPROF.dll
0x00007ffb92160000 - 0x00007ffb92194000 	C:\WINDOWS\SYSTEM32\WINMM.dll
0x00007ffb9c390000 - 0x00007ffb9c3a3000 	C:\WINDOWS\SYSTEM32\UMPDC.dll
0x00007ffb9c650000 - 0x00007ffb9c668000 	C:\WINDOWS\SYSTEM32\kernel.appcore.dll
0x00007ffb95290000 - 0x00007ffb9529a000 	C:\Program Files\Java\jdk-21\bin\jimage.dll
0x00007ffb9aaa0000 - 0x00007ffb9acd2000 	C:\WINDOWS\SYSTEM32\DBGHELP.DLL
0x00007ffb9f1f0000 - 0x00007ffb9f57f000 	C:\WINDOWS\System32\combase.dll
0x00007ffb9f740000 - 0x00007ffb9f817000 	C:\WINDOWS\System32\OLEAUT32.dll
0x00007ffb7f440000 - 0x00007ffb7f472000 	C:\WINDOWS\SYSTEM32\dbgcore.DLL
0x00007ffb9dac0000 - 0x00007ffb9db3b000 	C:\WINDOWS\System32\bcryptPrimitives.dll
0x00007ffb8d3a0000 - 0x00007ffb8d3bf000 	C:\Program Files\Java\jdk-21\bin\java.dll
0x00007ffb9e230000 - 0x00007ffb9eaa8000 	C:\WINDOWS\System32\SHELL32.dll
0x00007ffb9b420000 - 0x00007ffb9bd28000 	C:\WINDOWS\SYSTEM32\windows.storage.dll
0x00007ffb9b2e0000 - 0x00007ffb9b41f000 	C:\WINDOWS\SYSTEM32\wintypes.dll
0x00007ffb9eab0000 - 0x00007ffb9ebaa000 	C:\WINDOWS\System32\SHCORE.dll
0x00007ffb9feb0000 - 0x00007ffb9ff0e000 	C:\WINDOWS\System32\shlwapi.dll
0x00007ffb9d450000 - 0x00007ffb9d47b000 	C:\WINDOWS\SYSTEM32\profapi.dll
0x00007ffb707c0000 - 0x00007ffb70897000 	C:\Program Files\Java\jdk-21\bin\jsvml.dll
0x00007ffb8ad80000 - 0x00007ffb8ad90000 	C:\Program Files\Java\jdk-21\bin\net.dll
0x00007ffb98110000 - 0x00007ffb98246000 	C:\WINDOWS\SYSTEM32\WINHTTP.dll
0x00007ffb9cad0000 - 0x00007ffb9cb39000 	C:\WINDOWS\system32\mswsock.dll
0x00007ffb8ad10000 - 0x00007ffb8ad26000 	C:\Program Files\Java\jdk-21\bin\nio.dll
0x00007ffb7d120000 - 0x00007ffb7d138000 	C:\Program Files\Java\jdk-21\bin\zip.dll
0x00007ffb8acd0000 - 0x00007ffb8acda000 	C:\Program Files\Java\jdk-21\bin\management.dll
0x00007ffb7d110000 - 0x00007ffb7d11b000 	C:\Program Files\Java\jdk-21\bin\management_ext.dll
0x00007ffb9f8f0000 - 0x00007ffb9f8f8000 	C:\WINDOWS\System32\PSAPI.DLL
0x00007ffb958f0000 - 0x00007ffb95900000 	C:\Program Files\Java\jdk-21\bin\verify.dll

dbghelp: loaded successfully - version: 4.0.5 - missing functions: none
symbol engine: initialized successfully - sym options: 0x614 - pdb path: .;C:\Program Files\Java\jdk-21\bin;C:\WINDOWS\SYSTEM32;C:\WINDOWS\WinSxS\amd64_microsoft.windows.common-controls_6595b64144ccf1df_6.0.22621.4541_none_2710d1c57384c085;C:\Program Files\Java\jdk-21\bin\server

VM Arguments:
java_command: C:\Users\shrih\AppData\Local\Temp\surefire14035057705058009792\surefirebooter-20241213185824348_3.jar C:\Users\shrih\AppData\Local\Temp\surefire14035057705058009792 2024-12-13T18-58-24_231-jvmRun1 surefire-20241213185824348_1tmp surefire_0-20241213185824348_2tmp
java_class_path (initial): C:\Users\shrih\AppData\Local\Temp\surefire14035057705058009792\surefirebooter-20241213185824348_3.jar
Launcher Type: SUN_STANDARD

[Global flags]
     intx CICompilerCount                          = 12                                        {product} {ergonomic}
     uint ConcGCThreads                            = 4                                         {product} {ergonomic}
     uint G1ConcRefinementThreads                  = 15                                        {product} {ergonomic}
   size_t G1HeapRegionSize                         = 2097152                                   {product} {ergonomic}
    uintx GCDrainStackTargetSize                   = 64                                        {product} {ergonomic}
   size_t InitialHeapSize                          = 264241152                                 {product} {ergonomic}
   size_t MarkStackSize                            = 4194304                                   {product} {ergonomic}
   size_t MaxHeapSize                              = 4223664128                                {product} {ergonomic}
   size_t MaxNewSize                               = 2533359616                                {product} {ergonomic}
   size_t MinHeapDeltaBytes                        = 2097152                                   {product} {ergonomic}
   size_t MinHeapSize                              = 8388608                                   {product} {ergonomic}
    uintx NonNMethodCodeHeapSize                   = 7602480                                {pd product} {ergonomic}
    uintx NonProfiledCodeHeapSize                  = 122027880                              {pd product} {ergonomic}
    uintx ProfiledCodeHeapSize                     = 122027880                              {pd product} {ergonomic}
    uintx ReservedCodeCacheSize                    = 251658240                              {pd product} {ergonomic}
     bool SegmentedCodeCache                       = true                                      {product} {ergonomic}
   size_t SoftMaxHeapSize                          = 4223664128                             {manageable} {ergonomic}
     bool UseCompressedOops                        = true                           {product lp64_product} {ergonomic}
     bool UseG1GC                                  = true                                      {product} {ergonomic}
     bool UseLargePagesIndividualAllocation        = false                                  {pd product} {ergonomic}

Logging:
Log output configuration:
 #0: stdout all=warning uptime,level,tags foldmultilines=false
 #1: stderr all=off uptime,level,tags foldmultilines=false

Environment Variables:
JAVA_HOME=C:\Program Files\Amazon Corretto\jdk11.0.23_9
PATH=C:\Program Files\Microsoft SDKs\Azure\CLI2\wbin;C:\Program Files\Common Files\Oracle\Java\javapath;C:\Program Files (x86)\Common Files\Oracle\Java\java8path;C:\Program Files (x86)\Common Files\Oracle\Java\javapath;C:\Program Files\Amazon Corretto\jdk11.0.23_9\bin;C:\Windows\system32;C:\Windows;C:\Windows\System32\Wbem;C:\Windows\System32\WindowsPowerShell\v1.0\;C:\Windows\System32\OpenSSH\;C:\Program Files (x86)\NVIDIA Corporation\PhysX\Common;C:\Users\shrih\AppData\Local\Programs\Python\Python311\;C:\Users\shrih\AppData\Local\Programs\Python\Python311\Scripts\;C:\WINDOWS\system32;C:\WINDOWS;C:\WINDOWS\System32\Wbem;C:\WINDOWS\System32\WindowsPowerShell\v1.0\;C:\WINDOWS\System32\OpenSSH\;C:\Program Files\PuTTY\;C:\ProgramData\chocolatey\bin;C:\HashiCorp\Vagrant\bin;C:\Program Files\Git\cmd;C:\ProgramData\chocolatey\lib\maven\apache-maven-3.9.6\bin;C:\Program Files\Amazon\AWSCLIV2\;C:\Program Files\NVIDIA Corporation\NVIDIA NvDLISR;C:\Program Files\Java\jdk-22\bin;C:\Program Files\RedHat\Podman\;C:\Program Files\MySQL\MySQL Server 8.0\bin;C:\Program Files (x86)\PowerShell\7\;C:\Program Files\nodejs\;C:\Program Files\Oracle\VirtualBox;;C:\Program Files\Docker\Docker\resources\bin;C:\Program Files\MySQL\MySQL Shell 8.0\bin\;C:\WINDOWS\system32\config\systemprofile\AppData\Local\Microsoft\WindowsApps;C:\Program Files\JetBrains\IntelliJ IDEA Community Edition 2023.1.1\bin;;C:\Users\shrih\AppData\Local\GitHubDesktop\bin;C:\Users\shrih\AppData\Local\Programs\Microsoft VS Code\bin;C:\Program Files\Lens\resources\cli\bin;C:\Users\shrih\AppData\Roaming\npm
USERNAME=shrih
OS=Windows_NT
PROCESSOR_IDENTIFIER=Intel64 Family 6 Model 154 Stepping 3, GenuineIntel
TMP=C:\Users\shrih\AppData\Local\Temp
TEMP=C:\Users\shrih\AppData\Local\Temp




Periodic native trim disabled

---------------  S Y S T E M  ---------------

OS:
 Windows 11 , 64 bit Build 22621 (10.0.22621.4391)
OS uptime: 0 days 3:09 hours
Hyper-V role detected

CPU: total 20 (initial active 20) (10 cores per cpu, 2 threads per core) family 6 model 154 stepping 3 microcode 0x432, cx8, cmov, fxsr, ht, mmx, 3dnowpref, sse, sse2, sse3, ssse3, sse4.1, sse4.2, popcnt, lzcnt, tsc, tscinvbit, avx, avx2, aes, erms, clmul, bmi1, bmi2, adx, sha, fma, vzeroupper, clflush, clflushopt, clwb, hv, serialize, rdtscp, rdpid, fsrm, f16c, cet_ibt, cet_ss
Processor Information for processor 0
  Max Mhz: 2300, Current Mhz: 2300, Mhz Limit: 2300
Processor Information for processor 1
  Max Mhz: 2300, Current Mhz: 1506, Mhz Limit: 2300
Processor Information for processor 2
  Max Mhz: 2300, Current Mhz: 1506, Mhz Limit: 2300
Processor Information for processor 3
  Max Mhz: 2300, Current Mhz: 2300, Mhz Limit: 2300
Processor Information for processor 4
  Max Mhz: 2300, Current Mhz: 2300, Mhz Limit: 2300
Processor Information for processor 5
  Max Mhz: 2300, Current Mhz: 2300, Mhz Limit: 2300
Processor Information for processor 6
  Max Mhz: 2300, Current Mhz: 2300, Mhz Limit: 2300
Processor Information for processor 7
  Max Mhz: 2300, Current Mhz: 2300, Mhz Limit: 2300
Processor Information for processor 8
  Max Mhz: 2300, Current Mhz: 2300, Mhz Limit: 2300
Processor Information for processor 9
  Max Mhz: 2300, Current Mhz: 1506, Mhz Limit: 2300
Processor Information for processor 10
  Max Mhz: 2300, Current Mhz: 2300, Mhz Limit: 2300
Processor Information for processor 11
  Max Mhz: 2300, Current Mhz: 1506, Mhz Limit: 2300
Processor Information for processor 12
  Max Mhz: 2300, Current Mhz: 1700, Mhz Limit: 1679
Processor Information for processor 13
  Max Mhz: 2300, Current Mhz: 1700, Mhz Limit: 1679
Processor Information for processor 14
  Max Mhz: 2300, Current Mhz: 1700, Mhz Limit: 1679
Processor Information for processor 15
  Max Mhz: 2300, Current Mhz: 1700, Mhz Limit: 1679
Processor Information for processor 16
  Max Mhz: 2300, Current Mhz: 1500, Mhz Limit: 1679
Processor Information for processor 17
  Max Mhz: 2300, Current Mhz: 1700, Mhz Limit: 1679
Processor Information for processor 18
  Max Mhz: 2300, Current Mhz: 1500, Mhz Limit: 1679
Processor Information for processor 19
  Max Mhz: 2300, Current Mhz: 1500, Mhz Limit: 1679

Memory: 4k page, system-wide physical 16108M (1168M free)
TotalPageFile size 28396M (AvailPageFile size 7M)
current process WorkingSet (physical memory assigned to process): 98M, peak: 99M
current process commit charge ("private bytes"): 382M, peak: 382M

vm_info: Java HotSpot(TM) 64-Bit Server VM (21.0.4+8-LTS-274) for windows-amd64 JRE (21.0.4+8-LTS-274), built on 2024-06-05T05:23:33Z by "mach5one" with MS VC++ 17.6 (VS2022)

END.
