#
# There is insufficient memory for the Java Runtime Environment to continue.
# Native memory allocation (malloc) failed to allocate 6697696 bytes for Chunk::new
# Possible reasons:
#   The system is out of physical RAM or swap space
#   The process is running with CompressedOops enabled, and the Java Heap may be blocking the growth of the native heap
# Possible solutions:
#   Reduce memory load on the system
#   Increase physical memory or swap space
#   Check if swap backing store is full
#   Decrease Java heap size (-Xmx/-Xms)
#   Decrease number of Java threads
#   Decrease Java thread stack sizes (-Xss)
#   Set larger code cache with -XX:ReservedCodeCacheSize=
#   JVM is running with Zero Based Compressed Oops mode in which the Java heap is
#     placed in the first 32GB address space. The Java Heap base address is the
#     maximum limit for the native heap growth. Please use -XX:HeapBaseMinAddress
#     to set the Java Heap base and to place the Java Heap above 32GB virtual address.
# This output file may be truncated or incomplete.
#
#  Out of Memory Error (arena.cpp:168), pid=28060, tid=30992
#
# JRE version: Java(TM) SE Runtime Environment (21.0.4+8) (build 21.0.4+8-LTS-274)
# Java VM: Java HotSpot(TM) 64-Bit Server VM (21.0.4+8-LTS-274, mixed mode, sharing, tiered, compressed oops, compressed class ptrs, g1 gc, windows-amd64)
# No core dump will be written. Minidumps are not enabled by default on client versions of Windows
#

---------------  S U M M A R Y ------------

Command Line: -Dmaven.multiModuleProjectDirectory=C:\Users\shrih\OneDrive\Documents\SpringApp-kubernetes\springReactBackEnd\springReactBackEnd -Djansi.passthrough=true -Dmaven.home=C:\Program Files\JetBrains\IntelliJ IDEA Community Edition 2024.1.2\plugins\maven\lib\maven3 -Dclassworlds.conf=C:\Program Files\JetBrains\IntelliJ IDEA Community Edition 2024.1.2\plugins\maven\lib\maven3\bin\m2.conf -Dmaven.ext.class.path=C:\Program Files\JetBrains\IntelliJ IDEA Community Edition 2024.1.2\plugins\maven\lib\maven-event-listener.jar -javaagent:C:\Program Files\JetBrains\IntelliJ IDEA Community Edition 2024.1.2\lib\idea_rt.jar=54629:C:\Program Files\JetBrains\IntelliJ IDEA Community Edition 2024.1.2\bin -Dfile.encoding=UTF-8 -Dsun.stdout.encoding=UTF-8 -Dsun.stderr.encoding=UTF-8 org.codehaus.classworlds.Launcher -Didea.version=2024.1.2 install

Host: 12th Gen Intel(R) Core(TM) i7-12700H, 20 cores, 15G,  Windows 11 , 64 bit Build 22621 (10.0.22621.4391)
Time: Fri Dec 13 18:58:25 2024 India Standard Time elapsed time: 7.882400 seconds (0d 0h 0m 7s)

---------------  T H R E A D  ---------------

Current thread (0x000001c170739a10):  JavaThread "C2 CompilerThread4" daemon [_thread_in_native, id=30992, stack(0x00000048a8a00000,0x00000048a8b00000) (1024K)]


Current CompileTask:
C2:   7882 10497       4       org.codehaus.plexus.classworlds.realm.ClassRealm::loadClass (7 bytes)

Stack: [0x00000048a8a00000,0x00000048a8b00000]
Native frames: (J=compiled Java code, j=interpreted, Vv=VM code, C=native code)
V  [jvm.dll+0x6c8e59]
V  [jvm.dll+0x853181]
V  [jvm.dll+0x8556ae]
V  [jvm.dll+0x855d83]
V  [jvm.dll+0x27d526]
V  [jvm.dll+0xc4aad]
V  [jvm.dll+0xc4fe3]
V  [jvm.dll+0x3b400c]
V  [jvm.dll+0x3809a5]
V  [jvm.dll+0x37fe1a]
V  [jvm.dll+0x246280]
V  [jvm.dll+0x24585f]
V  [jvm.dll+0x1c69de]
V  [jvm.dll+0x254d49]
V  [jvm.dll+0x2532da]
V  [jvm.dll+0x3ed426]
V  [jvm.dll+0x7fd65b]
V  [jvm.dll+0x6c753d]
C  [ucrtbase.dll+0x29333]
C  [KERNEL32.DLL+0x1259d]
C  [ntdll.dll+0x5af38]


---------------  P R O C E S S  ---------------

Threads class SMR info:
_java_thread_list=0x000001c1742461d0, length=25, elements={
0x000001c10a53b740, 0x000001c12a1bb1d0, 0x000001c12a1bbaa0, 0x000001c12a1be770,
0x000001c12a7073d0, 0x000001c12a707e30, 0x000001c12a70a8a0, 0x000001c12a713b80,
0x000001c12a714750, 0x000001c12a7dd0c0, 0x000001c12a8d7f80, 0x000001c12a907fe0,
0x000001c12a8d7260, 0x000001c12a8d5eb0, 0x000001c170102650, 0x000001c170102d00,
0x000001c1705cc9a0, 0x000001c17039f940, 0x000001c170739a10, 0x000001c17209e280,
0x000001c1720a1070, 0x000001c17209a0e0, 0x000001c17209ae00, 0x000001c17209d560,
0x000001c17209e910
}

Java Threads: ( => current thread )
  0x000001c10a53b740 JavaThread "main"                              [_thread_in_native, id=19572, stack(0x00000048a7100000,0x00000048a7200000) (1024K)]
  0x000001c12a1bb1d0 JavaThread "Reference Handler"          daemon [_thread_blocked, id=31976, stack(0x00000048a7900000,0x00000048a7a00000) (1024K)]
  0x000001c12a1bbaa0 JavaThread "Finalizer"                  daemon [_thread_blocked, id=32500, stack(0x00000048a7a00000,0x00000048a7b00000) (1024K)]
  0x000001c12a1be770 JavaThread "Signal Dispatcher"          daemon [_thread_blocked, id=25900, stack(0x00000048a7b00000,0x00000048a7c00000) (1024K)]
  0x000001c12a7073d0 JavaThread "Attach Listener"            daemon [_thread_blocked, id=30548, stack(0x00000048a7c00000,0x00000048a7d00000) (1024K)]
  0x000001c12a707e30 JavaThread "Service Thread"             daemon [_thread_blocked, id=8796, stack(0x00000048a7d00000,0x00000048a7e00000) (1024K)]
  0x000001c12a70a8a0 JavaThread "Monitor Deflation Thread"   daemon [_thread_blocked, id=10168, stack(0x00000048a7e00000,0x00000048a7f00000) (1024K)]
  0x000001c12a713b80 JavaThread "C2 CompilerThread0"         daemon [_thread_blocked, id=3408, stack(0x00000048a7f00000,0x00000048a8000000) (1024K)]
  0x000001c12a714750 JavaThread "C1 CompilerThread0"         daemon [_thread_blocked, id=18892, stack(0x00000048a8000000,0x00000048a8100000) (1024K)]
  0x000001c12a7dd0c0 JavaThread "C1 CompilerThread1"         daemon [_thread_blocked, id=25260, stack(0x00000048a8100000,0x00000048a8200000) (1024K)]
  0x000001c12a8d7f80 JavaThread "Common-Cleaner"             daemon [_thread_blocked, id=30640, stack(0x00000048a8200000,0x00000048a8300000) (1024K)]
  0x000001c12a907fe0 JavaThread "C2 CompilerThread1"         daemon [_thread_blocked, id=6004, stack(0x00000048a8300000,0x00000048a8400000) (1024K)]
  0x000001c12a8d7260 JavaThread "Monitor Ctrl-Break"         daemon [_thread_in_native, id=23836, stack(0x00000048a8400000,0x00000048a8500000) (1024K)]
  0x000001c12a8d5eb0 JavaThread "Notification Thread"        daemon [_thread_blocked, id=32384, stack(0x00000048a8500000,0x00000048a8600000) (1024K)]
  0x000001c170102650 JavaThread "C1 CompilerThread2"         daemon [_thread_blocked, id=32632, stack(0x00000048a8600000,0x00000048a8700000) (1024K)]
  0x000001c170102d00 JavaThread "C1 CompilerThread3"         daemon [_thread_in_native, id=29408, stack(0x00000048a8700000,0x00000048a8800000) (1024K)]
  0x000001c1705cc9a0 JavaThread "C2 CompilerThread2"         daemon [_thread_in_native, id=30000, stack(0x00000048a8800000,0x00000048a8900000) (1024K)]
  0x000001c17039f940 JavaThread "C2 CompilerThread3"         daemon [_thread_blocked, id=29772, stack(0x00000048a8900000,0x00000048a8a00000) (1024K)]
=>0x000001c170739a10 JavaThread "C2 CompilerThread4"         daemon [_thread_in_native, id=30992, stack(0x00000048a8a00000,0x00000048a8b00000) (1024K)]
  0x000001c17209e280 JavaThread "timeout-check-timer"        daemon [_thread_blocked, id=20440, stack(0x00000048a9c00000,0x00000048a9d00000) (1024K)]
  0x000001c1720a1070 JavaThread "ping-timer-10s"             daemon [_thread_blocked, id=11340, stack(0x00000048a9d00000,0x00000048a9e00000) (1024K)]
  0x000001c17209a0e0 JavaThread "ThreadedStreamConsumer"     daemon [_thread_blocked, id=1764, stack(0x00000048a9e00000,0x00000048a9f00000) (1024K)]
  0x000001c17209ae00 JavaThread "fork-1-err-thread"          daemon [_thread_in_native, id=30196, stack(0x00000048a9f00000,0x00000048aa000000) (1024K)]
  0x000001c17209d560 JavaThread "commands-fork-1"            daemon [_thread_blocked, id=32684, stack(0x00000048aa000000,0x00000048aa100000) (1024K)]
  0x000001c17209e910 JavaThread "fork-1-event-thread"        daemon [_thread_in_native, id=12456, stack(0x00000048aa100000,0x00000048aa200000) (1024K)]
Total: 25

Other Threads:
  0x000001c12a1a7fe0 VMThread "VM Thread"                           [id=9100, stack(0x00000048a7800000,0x00000048a7900000) (1024K)]
  0x000001c12a1915d0 WatcherThread "VM Periodic Task Thread"        [id=32396, stack(0x00000048a7700000,0x00000048a7800000) (1024K)]
  0x000001c10a5a35c0 WorkerThread "GC Thread#0"                     [id=26592, stack(0x00000048a7200000,0x00000048a7300000) (1024K)]
  0x000001c170e474d0 WorkerThread "GC Thread#1"                     [id=27816, stack(0x00000048a8c00000,0x00000048a8d00000) (1024K)]
  0x000001c170e47c80 WorkerThread "GC Thread#2"                     [id=4132, stack(0x00000048a8d00000,0x00000048a8e00000) (1024K)]
  0x000001c170e48020 WorkerThread "GC Thread#3"                     [id=28416, stack(0x00000048a8e00000,0x00000048a8f00000) (1024K)]
  0x000001c170f44160 WorkerThread "GC Thread#4"                     [id=32080, stack(0x00000048a8f00000,0x00000048a9000000) (1024K)]
  0x000001c170f44910 WorkerThread "GC Thread#5"                     [id=6692, stack(0x00000048a9000000,0x00000048a9100000) (1024K)]
  0x000001c17102a130 WorkerThread "GC Thread#6"                     [id=31180, stack(0x00000048a9100000,0x00000048a9200000) (1024K)]
  0x000001c17102a4d0 WorkerThread "GC Thread#7"                     [id=10992, stack(0x00000048a9200000,0x00000048a9300000) (1024K)]
  0x000001c17102ac80 WorkerThread "GC Thread#8"                     [id=26428, stack(0x00000048a9300000,0x00000048a9400000) (1024K)]
  0x000001c17286a650 WorkerThread "GC Thread#9"                     [id=12904, stack(0x00000048a9500000,0x00000048a9600000) (1024K)]
  0x000001c17286a9f0 WorkerThread "GC Thread#10"                    [id=13896, stack(0x00000048a9600000,0x00000048a9700000) (1024K)]
  0x000001c17286ad90 WorkerThread "GC Thread#11"                    [id=11868, stack(0x00000048a9700000,0x00000048a9800000) (1024K)]
  0x000001c17286bc10 WorkerThread "GC Thread#12"                    [id=11616, stack(0x00000048a9800000,0x00000048a9900000) (1024K)]
  0x000001c17286b130 WorkerThread "GC Thread#13"                    [id=3724, stack(0x00000048a9900000,0x00000048a9a00000) (1024K)]
  0x000001c170d4a240 WorkerThread "GC Thread#14"                    [id=13676, stack(0x00000048a8b00000,0x00000048a8c00000) (1024K)]
  0x000001c10a5b4310 ConcurrentGCThread "G1 Main Marker"            [id=28756, stack(0x00000048a7300000,0x00000048a7400000) (1024K)]
  0x000001c10a5b4e10 WorkerThread "G1 Conc#0"                       [id=24532, stack(0x00000048a7400000,0x00000048a7500000) (1024K)]
  0x000001c170d49760 WorkerThread "G1 Conc#1"                       [id=8272, stack(0x00000048a9400000,0x00000048a9500000) (1024K)]
  0x000001c170d49ea0 WorkerThread "G1 Conc#2"                       [id=25576, stack(0x00000048a9a00000,0x00000048a9b00000) (1024K)]
  0x000001c170d4b460 WorkerThread "G1 Conc#3"                       [id=5668, stack(0x00000048a9b00000,0x00000048a9c00000) (1024K)]
  0x000001c12a0624d0 ConcurrentGCThread "G1 Refine#0"               [id=29880, stack(0x00000048a7500000,0x00000048a7600000) (1024K)]
  0x000001c12a062f50 ConcurrentGCThread "G1 Service"                [id=30336, stack(0x00000048a7600000,0x00000048a7700000) (1024K)]
Total: 24

Threads with active compile tasks:
C2 CompilerThread2     7901 10232   !   4       java.lang.ClassLoader::loadClass (121 bytes)
C2 CompilerThread4     7901 10497       4       org.codehaus.plexus.classworlds.realm.ClassRealm::loadClass (7 bytes)
Total: 2

VM state: not at safepoint (normal execution)

VM Mutex/Monitor currently owned by a thread: None

Heap address: 0x0000000704400000, size: 4028 MB, Compressed Oops mode: Zero based, Oop shift amount: 3

CDS archive(s) mapped at: [0x000001c12b000000-0x000001c12bc90000-0x000001c12bc90000), size 13172736, SharedBaseAddress: 0x000001c12b000000, ArchiveRelocationMode: 1.
Compressed class space mapped at: 0x000001c12c000000-0x000001c16c000000, reserved size: 1073741824
Narrow klass base: 0x000001c12b000000, Narrow klass shift: 0, Narrow klass range: 0x100000000

GC Precious Log:
 CardTable entry size: 512
 Card Set container configuration: InlinePtr #cards 4 size 8 Array Of Cards #cards 16 size 48 Howl #buckets 8 coarsen threshold 3686 Howl Bitmap #cards 512 size 80 coarsen threshold 460 Card regions per heap region 1 cards per card region 4096
 CPUs: 20 total, 20 available
 Memory: 16108M
 Large Page Support: Disabled
 NUMA Support: Disabled
 Compressed Oops: Enabled (Zero based)
 Heap Region Size: 2M
 Heap Min Capacity: 8M
 Heap Initial Capacity: 252M
 Heap Max Capacity: 4028M
 Pre-touch: Disabled
 Parallel Workers: 15
 Concurrent Workers: 4
 Concurrent Refinement Workers: 15
 Periodic GC: Disabled

Heap:
 garbage-first heap   total 149504K, used 104983K [0x0000000704400000, 0x0000000800000000)
  region size 2048K, 13 young (26624K), 1 survivors (2048K)
 Metaspace       used 36277K, committed 36864K, reserved 1114112K
  class space    used 3930K, committed 4160K, reserved 1048576K

Heap Regions: E=young(eden), S=young(survivor), O=old, HS=humongous(starts), HC=humongous(continues), CS=collection set, F=free, TAMS=top-at-mark-start, PB=parsable bottom
|   0|0x0000000704400000, 0x0000000704600000, 0x0000000704600000|100%| O|  |TAMS 0x0000000704400000| PB 0x0000000704400000| Untracked 
|   1|0x0000000704600000, 0x0000000704800000, 0x0000000704800000|100%| O|  |TAMS 0x0000000704600000| PB 0x0000000704600000| Untracked 
|   2|0x0000000704800000, 0x0000000704a00000, 0x0000000704a00000|100%| O|  |TAMS 0x0000000704800000| PB 0x0000000704800000| Untracked 
|   3|0x0000000704a00000, 0x0000000704c00000, 0x0000000704c00000|100%| O|  |TAMS 0x0000000704a00000| PB 0x0000000704a00000| Untracked 
|   4|0x0000000704c00000, 0x0000000704e00000, 0x0000000704e00000|100%| O|  |TAMS 0x0000000704c00000| PB 0x0000000704c00000| Untracked 
|   5|0x0000000704e00000, 0x0000000705000000, 0x0000000705000000|100%| O|  |TAMS 0x0000000704e00000| PB 0x0000000704e00000| Untracked 
|   6|0x0000000705000000, 0x0000000705200000, 0x0000000705200000|100%| O|  |TAMS 0x0000000705000000| PB 0x0000000705000000| Untracked 
|   7|0x0000000705200000, 0x0000000705400000, 0x0000000705400000|100%| O|  |TAMS 0x0000000705200000| PB 0x0000000705200000| Untracked 
|   8|0x0000000705400000, 0x0000000705600000, 0x0000000705600000|100%| O|  |TAMS 0x0000000705400000| PB 0x0000000705400000| Untracked 
|   9|0x0000000705600000, 0x0000000705800000, 0x0000000705800000|100%| O|Cm|TAMS 0x0000000705600000| PB 0x0000000705600000| Complete 
|  10|0x0000000705800000, 0x0000000705a00000, 0x0000000705a00000|100%|HS|  |TAMS 0x0000000705800000| PB 0x0000000705800000| Complete 
|  11|0x0000000705a00000, 0x0000000705c00000, 0x0000000705c00000|100%|HC|  |TAMS 0x0000000705a00000| PB 0x0000000705a00000| Complete 
|  12|0x0000000705c00000, 0x0000000705e00000, 0x0000000705e00000|100%|HS|  |TAMS 0x0000000705c00000| PB 0x0000000705c00000| Complete 
|  13|0x0000000705e00000, 0x0000000706000000, 0x0000000706000000|100%|HC|  |TAMS 0x0000000705e00000| PB 0x0000000705e00000| Complete 
|  14|0x0000000706000000, 0x0000000706200000, 0x0000000706200000|100%| O|Cm|TAMS 0x0000000706000000| PB 0x0000000706000000| Complete 
|  15|0x0000000706200000, 0x0000000706400000, 0x0000000706400000|100%| O|Cm|TAMS 0x0000000706200000| PB 0x0000000706200000| Complete 
|  16|0x0000000706400000, 0x0000000706600000, 0x0000000706600000|100%| O|  |TAMS 0x0000000706400000| PB 0x0000000706400000| Untracked 
|  17|0x0000000706600000, 0x0000000706800000, 0x0000000706800000|100%| O|  |TAMS 0x0000000706600000| PB 0x0000000706600000| Untracked 
|  18|0x0000000706800000, 0x0000000706a00000, 0x0000000706a00000|100%| O|Cm|TAMS 0x0000000706800000| PB 0x0000000706800000| Complete 
|  19|0x0000000706a00000, 0x0000000706c00000, 0x0000000706c00000|100%| O|  |TAMS 0x0000000706a00000| PB 0x0000000706a00000| Untracked 
|  20|0x0000000706c00000, 0x0000000706e00000, 0x0000000706e00000|100%| O|Cm|TAMS 0x0000000706c00000| PB 0x0000000706c00000| Complete 
|  21|0x0000000706e00000, 0x0000000707000000, 0x0000000707000000|100%| O|Cm|TAMS 0x0000000706e00000| PB 0x0000000706e00000| Complete 
|  22|0x0000000707000000, 0x0000000707000000, 0x0000000707200000|  0%| F|  |TAMS 0x0000000707000000| PB 0x0000000707000000| Untracked 
|  23|0x0000000707200000, 0x0000000707400000, 0x0000000707400000|100%| O|Cm|TAMS 0x0000000707200000| PB 0x0000000707200000| Complete 
|  24|0x0000000707400000, 0x0000000707600000, 0x0000000707600000|100%| O|Cm|TAMS 0x0000000707400000| PB 0x0000000707400000| Complete 
|  25|0x0000000707600000, 0x0000000707800000, 0x0000000707800000|100%| O|Cm|TAMS 0x0000000707600000| PB 0x0000000707600000| Complete 
|  26|0x0000000707800000, 0x0000000707a00000, 0x0000000707a00000|100%| O|Cm|TAMS 0x0000000707800000| PB 0x0000000707800000| Complete 
|  27|0x0000000707a00000, 0x0000000707c00000, 0x0000000707c00000|100%| O|  |TAMS 0x0000000707a00000| PB 0x0000000707a00000| Untracked 
|  28|0x0000000707c00000, 0x0000000707e00000, 0x0000000707e00000|100%| O|Cm|TAMS 0x0000000707c00000| PB 0x0000000707c00000| Complete 
|  29|0x0000000707e00000, 0x0000000708000000, 0x0000000708000000|100%| O|  |TAMS 0x0000000707e00000| PB 0x0000000707e00000| Untracked 
|  30|0x0000000708000000, 0x00000007080a0bf8, 0x0000000708200000| 31%| O|  |TAMS 0x0000000708000000| PB 0x0000000708000000| Untracked 
|  31|0x0000000708200000, 0x0000000708400000, 0x0000000708400000|100%| O|Cm|TAMS 0x0000000708200000| PB 0x0000000708200000| Complete 
|  32|0x0000000708400000, 0x0000000708400000, 0x0000000708600000|  0%| F|  |TAMS 0x0000000708400000| PB 0x0000000708400000| Untracked 
|  33|0x0000000708600000, 0x0000000708600000, 0x0000000708800000|  0%| F|  |TAMS 0x0000000708600000| PB 0x0000000708600000| Untracked 
|  34|0x0000000708800000, 0x0000000708a00000, 0x0000000708a00000|100%| O|Cm|TAMS 0x0000000708800000| PB 0x0000000708800000| Complete 
|  35|0x0000000708a00000, 0x0000000708c00000, 0x0000000708c00000|100%| O|  |TAMS 0x0000000708a00000| PB 0x0000000708a00000| Untracked 
|  36|0x0000000708c00000, 0x0000000708e00000, 0x0000000708e00000|100%| O|Cm|TAMS 0x0000000708c00000| PB 0x0000000708c00000| Complete 
|  37|0x0000000708e00000, 0x0000000709000000, 0x0000000709000000|100%| O|Cm|TAMS 0x0000000708e00000| PB 0x0000000708e00000| Complete 
|  38|0x0000000709000000, 0x0000000709200000, 0x0000000709200000|100%| O|Cm|TAMS 0x0000000709000000| PB 0x0000000709000000| Complete 
|  39|0x0000000709200000, 0x0000000709200000, 0x0000000709400000|  0%| F|  |TAMS 0x0000000709200000| PB 0x0000000709200000| Untracked 
|  40|0x0000000709400000, 0x0000000709400000, 0x0000000709600000|  0%| F|  |TAMS 0x0000000709400000| PB 0x0000000709400000| Untracked 
|  41|0x0000000709600000, 0x0000000709600000, 0x0000000709800000|  0%| F|  |TAMS 0x0000000709600000| PB 0x0000000709600000| Untracked 
|  42|0x0000000709800000, 0x0000000709800000, 0x0000000709a00000|  0%| F|  |TAMS 0x0000000709800000| PB 0x0000000709800000| Untracked 
|  43|0x0000000709a00000, 0x0000000709a00000, 0x0000000709c00000|  0%| F|  |TAMS 0x0000000709a00000| PB 0x0000000709a00000| Untracked 
|  44|0x0000000709c00000, 0x0000000709c00000, 0x0000000709e00000|  0%| F|  |TAMS 0x0000000709c00000| PB 0x0000000709c00000| Untracked 
|  45|0x0000000709e00000, 0x0000000709e00000, 0x000000070a000000|  0%| F|  |TAMS 0x0000000709e00000| PB 0x0000000709e00000| Untracked 
|  46|0x000000070a000000, 0x000000070a000000, 0x000000070a200000|  0%| F|  |TAMS 0x000000070a000000| PB 0x000000070a000000| Untracked 
|  47|0x000000070a200000, 0x000000070a200000, 0x000000070a400000|  0%| F|  |TAMS 0x000000070a200000| PB 0x000000070a200000| Untracked 
|  48|0x000000070a400000, 0x000000070a400000, 0x000000070a600000|  0%| F|  |TAMS 0x000000070a400000| PB 0x000000070a400000| Untracked 
|  49|0x000000070a600000, 0x000000070a7e53c0, 0x000000070a800000| 94%| S|CS|TAMS 0x000000070a600000| PB 0x000000070a600000| Complete 
|  50|0x000000070a800000, 0x000000070a800000, 0x000000070aa00000|  0%| F|  |TAMS 0x000000070a800000| PB 0x000000070a800000| Untracked 
|  51|0x000000070aa00000, 0x000000070aa00000, 0x000000070ac00000|  0%| F|  |TAMS 0x000000070aa00000| PB 0x000000070aa00000| Untracked 
|  52|0x000000070ac00000, 0x000000070ac00000, 0x000000070ae00000|  0%| F|  |TAMS 0x000000070ac00000| PB 0x000000070ac00000| Untracked 
|  53|0x000000070ae00000, 0x000000070ae00000, 0x000000070b000000|  0%| F|  |TAMS 0x000000070ae00000| PB 0x000000070ae00000| Untracked 
|  54|0x000000070b000000, 0x000000070b000000, 0x000000070b200000|  0%| F|  |TAMS 0x000000070b000000| PB 0x000000070b000000| Untracked 
|  55|0x000000070b200000, 0x000000070b200000, 0x000000070b400000|  0%| F|  |TAMS 0x000000070b200000| PB 0x000000070b200000| Untracked 
|  56|0x000000070b400000, 0x000000070b400000, 0x000000070b600000|  0%| F|  |TAMS 0x000000070b400000| PB 0x000000070b400000| Untracked 
|  57|0x000000070b600000, 0x000000070b703738, 0x000000070b800000| 50%| E|  |TAMS 0x000000070b600000| PB 0x000000070b600000| Complete 
|  58|0x000000070b800000, 0x000000070ba00000, 0x000000070ba00000|100%| E|CS|TAMS 0x000000070b800000| PB 0x000000070b800000| Complete 
|  59|0x000000070ba00000, 0x000000070bc00000, 0x000000070bc00000|100%| E|CS|TAMS 0x000000070ba00000| PB 0x000000070ba00000| Complete 
|  60|0x000000070bc00000, 0x000000070be00000, 0x000000070be00000|100%| E|CS|TAMS 0x000000070bc00000| PB 0x000000070bc00000| Complete 
|  61|0x000000070be00000, 0x000000070c000000, 0x000000070c000000|100%| E|CS|TAMS 0x000000070be00000| PB 0x000000070be00000| Complete 
|  62|0x000000070c000000, 0x000000070c200000, 0x000000070c200000|100%| E|CS|TAMS 0x000000070c000000| PB 0x000000070c000000| Complete 
|  63|0x000000070c200000, 0x000000070c400000, 0x000000070c400000|100%| E|CS|TAMS 0x000000070c200000| PB 0x000000070c200000| Complete 
|  64|0x000000070c400000, 0x000000070c600000, 0x000000070c600000|100%| E|CS|TAMS 0x000000070c400000| PB 0x000000070c400000| Complete 
|  65|0x000000070c600000, 0x000000070c800000, 0x000000070c800000|100%| E|CS|TAMS 0x000000070c600000| PB 0x000000070c600000| Complete 
|  66|0x000000070c800000, 0x000000070ca00000, 0x000000070ca00000|100%| E|CS|TAMS 0x000000070c800000| PB 0x000000070c800000| Complete 
| 117|0x0000000712e00000, 0x0000000713000000, 0x0000000713000000|100%| E|CS|TAMS 0x0000000712e00000| PB 0x0000000712e00000| Complete 
| 125|0x0000000713e00000, 0x0000000714000000, 0x0000000714000000|100%| E|CS|TAMS 0x0000000713e00000| PB 0x0000000713e00000| Complete 
|2010|0x00000007ff800000, 0x00000007ffa00000, 0x00000007ffa00000|100%| O|  |TAMS 0x00000007ff800000| PB 0x00000007ff800000| Untracked 
|2011|0x00000007ffa00000, 0x00000007ffc00000, 0x00000007ffc00000|100%| O|  |TAMS 0x00000007ffa00000| PB 0x00000007ffa00000| Untracked 
|2012|0x00000007ffc00000, 0x00000007ffe00000, 0x00000007ffe00000|100%| O|Cm|TAMS 0x00000007ffc00000| PB 0x00000007ffc00000| Complete 
|2013|0x00000007ffe00000, 0x0000000800000000, 0x0000000800000000|100%| O|Cm|TAMS 0x00000007ffe00000| PB 0x00000007ffe00000| Complete 

Card table byte_map: [0x000001c122c30000,0x000001c123410000] _byte_map_base: 0x000001c11f40e000

Marking Bits: (CMBitMap*) 0x000001c10a5a3cc0
 Bits: [0x000001c123410000, 0x000001c127300000)

Polling page: 0x000001c108490000

Metaspace:

Usage:
  Non-class:     31.59 MB used.
      Class:      3.84 MB used.
       Both:     35.43 MB used.

Virtual space:
  Non-class space:       64.00 MB reserved,      31.94 MB ( 50%) committed,  1 nodes.
      Class space:        1.00 GB reserved,       4.06 MB ( <1%) committed,  1 nodes.
             Both:        1.06 GB reserved,      36.00 MB (  3%) committed. 

Chunk freelists:
   Non-Class:  112.00 KB
       Class:  11.95 MB
        Both:  12.06 MB

MaxMetaspaceSize: unlimited
CompressedClassSpaceSize: 1.00 GB
Initial GC threshold: 21.00 MB
Current GC threshold: 57.00 MB
CDS: on
 - commit_granule_bytes: 65536.
 - commit_granule_words: 8192.
 - virtual_space_node_default_size: 8388608.
 - enlarge_chunks_in_place: 1.
 - use_allocation_guard: 0.


Internal statistics:

num_allocs_failed_limit: 3.
num_arena_births: 634.
num_arena_deaths: 6.
num_vsnodes_births: 2.
num_vsnodes_deaths: 0.
num_space_committed: 592.
num_space_uncommitted: 9.
num_chunks_returned_to_freelist: 111.
num_chunks_taken_from_freelist: 2114.
num_chunk_merges: 21.
num_chunk_splits: 1435.
num_chunks_enlarged: 1049.
num_inconsistent_stats: 0.

CodeHeap 'non-profiled nmethods': size=119168Kb used=5439Kb max_used=6242Kb free=113728Kb
 bounds [0x000001c11a550000, 0x000001c11ab70000, 0x000001c1219b0000]
CodeHeap 'profiled nmethods': size=119104Kb used=19541Kb max_used=20976Kb free=99562Kb
 bounds [0x000001c1129b0000, 0x000001c113e40000, 0x000001c119e00000]
CodeHeap 'non-nmethods': size=7488Kb used=3208Kb max_used=3336Kb free=4279Kb
 bounds [0x000001c119e00000, 0x000001c11a150000, 0x000001c11a550000]
 total_blobs=9539 nmethods=8945 adapters=495
 compilation: enabled
              stopped_count=0, restarted_count=0
 full_count=0

Compilation events (20 events):
Event: 7.223 Thread 0x000001c170102650 10493       3       java.lang.ProcessEnvironment$CheckedEntry::getValue (13 bytes)
Event: 7.223 Thread 0x000001c170102650 nmethod 10493 0x000001c1135e6f10 code [0x000001c1135e70c0, 0x000001c1135e7390]
Event: 7.229 Thread 0x000001c170739a10 10495       4       java.lang.invoke.MethodTypeForm::canonicalize (74 bytes)
Event: 7.230 Thread 0x000001c170739a10 nmethod 10495 0x000001c11a9d8e90 code [0x000001c11a9d9020, 0x000001c11a9d90f8]
Event: 7.232 Thread 0x000001c12a7dd0c0 10496       1       java.util.logging.Logger::getName (5 bytes)
Event: 7.232 Thread 0x000001c12a7dd0c0 nmethod 10496 0x000001c11a73f310 code [0x000001c11a73f4a0, 0x000001c11a73f570]
Event: 7.235 Thread 0x000001c170739a10 10497       4       org.codehaus.plexus.classworlds.realm.ClassRealm::loadClass (7 bytes)
Event: 7.245 Thread 0x000001c12a7dd0c0 10498       3       java.lang.AbstractStringBuilder::append (45 bytes)
Event: 7.245 Thread 0x000001c12a7dd0c0 nmethod 10498 0x000001c113a5de10 code [0x000001c113a5e020, 0x000001c113a5e560]
Event: 7.246 Thread 0x000001c170102d00 10499       3       java.lang.String::getBytes (44 bytes)
Event: 7.246 Thread 0x000001c170102d00 nmethod 10499 0x000001c113602b10 code [0x000001c113602ce0, 0x000001c113602ff0]
Event: 7.355 Thread 0x000001c12a713b80 nmethod 10076 0x000001c11a9f5410 code [0x000001c11a9f5ba0, 0x000001c11a9fe0a8]
Event: 7.480 Thread 0x000001c12a714750 10500       1       java.util.concurrent.atomic.AtomicInteger::get (5 bytes)
Event: 7.480 Thread 0x000001c12a714750 nmethod 10500 0x000001c11a73ee10 code [0x000001c11a73efa0, 0x000001c11a73f068]
Event: 7.699 Thread 0x000001c17039f940 10501       4       java.util.concurrent.locks.ReentrantLock$NonfairSync::initialTryLock (58 bytes)
Event: 7.701 Thread 0x000001c17039f940 nmethod 10501 0x000001c11a5ed010 code [0x000001c11a5ed1a0, 0x000001c11a5ed368]
Event: 7.807 Thread 0x000001c170102d00 10502       3       java.util.zip.CRC32::update (38 bytes)
Event: 7.807 Thread 0x000001c170102d00 nmethod 10502 0x000001c11373e690 code [0x000001c11373e880, 0x000001c11373ecb8]
Event: 7.808 Thread 0x000001c17039f940 10503       4       java.nio.ByteBuffer::limit (6 bytes)
Event: 7.809 Thread 0x000001c17039f940 nmethod 10503 0x000001c11a5eca90 code [0x000001c11a5ecc20, 0x000001c11a5ecd50]

GC Heap History (20 events):
Event: 3.082 GC heap before
{Heap before GC invocations=2 (full 0):
 garbage-first heap   total 258048K, used 188978K [0x0000000704400000, 0x0000000800000000)
  region size 2048K, 75 young (153600K), 2 survivors (4096K)
 Metaspace       used 18771K, committed 19008K, reserved 1114112K
  class space    used 2046K, committed 2176K, reserved 1048576K
}
Event: 3.090 GC heap after
{Heap after GC invocations=3 (full 0):
 garbage-first heap   total 258048K, used 18839K [0x0000000704400000, 0x0000000800000000)
  region size 2048K, 8 young (16384K), 8 survivors (16384K)
 Metaspace       used 18771K, committed 19008K, reserved 1114112K
  class space    used 2046K, committed 2176K, reserved 1048576K
}
Event: 3.281 GC heap before
{Heap before GC invocations=3 (full 0):
 garbage-first heap   total 258048K, used 33175K [0x0000000704400000, 0x0000000800000000)
  region size 2048K, 16 young (32768K), 8 survivors (16384K)
 Metaspace       used 21276K, committed 21504K, reserved 1114112K
  class space    used 2344K, committed 2432K, reserved 1048576K
}
Event: 3.286 GC heap after
{Heap after GC invocations=4 (full 0):
 garbage-first heap   total 258048K, used 20761K [0x0000000704400000, 0x0000000800000000)
  region size 2048K, 1 young (2048K), 1 survivors (2048K)
 Metaspace       used 21276K, committed 21504K, reserved 1114112K
  class space    used 2344K, committed 2432K, reserved 1048576K
}
Event: 3.972 GC heap before
{Heap before GC invocations=5 (full 0):
 garbage-first heap   total 96256K, used 94489K [0x0000000704400000, 0x0000000800000000)
  region size 2048K, 33 young (67584K), 1 survivors (2048K)
 Metaspace       used 27732K, committed 28032K, reserved 1114112K
  class space    used 3068K, committed 3200K, reserved 1048576K
}
Event: 3.981 GC heap after
{Heap after GC invocations=6 (full 0):
 garbage-first heap   total 118784K, used 48952K [0x0000000704400000, 0x0000000800000000)
  region size 2048K, 10 young (20480K), 10 survivors (20480K)
 Metaspace       used 27732K, committed 28032K, reserved 1114112K
  class space    used 3068K, committed 3200K, reserved 1048576K
}
Event: 4.365 GC heap before
{Heap before GC invocations=6 (full 0):
 garbage-first heap   total 118784K, used 87864K [0x0000000704400000, 0x0000000800000000)
  region size 2048K, 29 young (59392K), 10 survivors (20480K)
 Metaspace       used 29098K, committed 29440K, reserved 1114112K
  class space    used 3193K, committed 3328K, reserved 1048576K
}
Event: 4.377 GC heap after
{Heap after GC invocations=7 (full 0):
 garbage-first heap   total 118784K, used 55727K [0x0000000704400000, 0x0000000800000000)
  region size 2048K, 3 young (6144K), 3 survivors (6144K)
 Metaspace       used 29098K, committed 29440K, reserved 1114112K
  class space    used 3193K, committed 3328K, reserved 1048576K
}
Event: 4.855 GC heap before
{Heap before GC invocations=7 (full 0):
 garbage-first heap   total 118784K, used 96687K [0x0000000704400000, 0x0000000800000000)
  region size 2048K, 24 young (49152K), 3 survivors (6144K)
 Metaspace       used 30898K, committed 31360K, reserved 1114112K
  class space    used 3395K, committed 3584K, reserved 1048576K
}
Event: 4.862 GC heap after
{Heap after GC invocations=8 (full 0):
 garbage-first heap   total 118784K, used 57291K [0x0000000704400000, 0x0000000800000000)
  region size 2048K, 1 young (2048K), 1 survivors (2048K)
 Metaspace       used 30898K, committed 31360K, reserved 1114112K
  class space    used 3395K, committed 3584K, reserved 1048576K
}
Event: 5.067 GC heap before
{Heap before GC invocations=8 (full 0):
 garbage-first heap   total 118784K, used 102347K [0x0000000704400000, 0x0000000800000000)
  region size 2048K, 23 young (47104K), 1 survivors (2048K)
 Metaspace       used 31246K, committed 31680K, reserved 1114112K
  class space    used 3420K, committed 3648K, reserved 1048576K
}
Event: 5.072 GC heap after
{Heap after GC invocations=9 (full 0):
 garbage-first heap   total 118784K, used 58413K [0x0000000704400000, 0x0000000800000000)
  region size 2048K, 2 young (4096K), 2 survivors (4096K)
 Metaspace       used 31246K, committed 31680K, reserved 1114112K
  class space    used 3420K, committed 3648K, reserved 1048576K
}
Event: 5.256 GC heap before
{Heap before GC invocations=10 (full 0):
 garbage-first heap   total 118784K, used 99373K [0x0000000704400000, 0x0000000800000000)
  region size 2048K, 24 young (49152K), 2 survivors (4096K)
 Metaspace       used 31375K, committed 31808K, reserved 1114112K
  class space    used 3423K, committed 3648K, reserved 1048576K
}
Event: 5.261 GC heap after
{Heap after GC invocations=11 (full 0):
 garbage-first heap   total 143360K, used 54399K [0x0000000704400000, 0x0000000800000000)
  region size 2048K, 2 young (4096K), 2 survivors (4096K)
 Metaspace       used 31375K, committed 31808K, reserved 1114112K
  class space    used 3423K, committed 3648K, reserved 1048576K
}
Event: 6.185 GC heap before
{Heap before GC invocations=11 (full 0):
 garbage-first heap   total 143360K, used 126079K [0x0000000704400000, 0x0000000800000000)
  region size 2048K, 36 young (73728K), 2 survivors (4096K)
 Metaspace       used 33800K, committed 34368K, reserved 1114112K
  class space    used 3671K, committed 3904K, reserved 1048576K
}
Event: 6.195 GC heap after
{Heap after GC invocations=12 (full 0):
 garbage-first heap   total 149504K, used 72789K [0x0000000704400000, 0x0000000800000000)
  region size 2048K, 5 young (10240K), 5 survivors (10240K)
 Metaspace       used 33800K, committed 34368K, reserved 1114112K
  class space    used 3671K, committed 3904K, reserved 1048576K
}
Event: 6.630 GC heap before
{Heap before GC invocations=12 (full 0):
 garbage-first heap   total 149504K, used 123989K [0x0000000704400000, 0x0000000800000000)
  region size 2048K, 30 young (61440K), 5 survivors (10240K)
 Metaspace       used 34534K, committed 35072K, reserved 1114112K
  class space    used 3759K, committed 3968K, reserved 1048576K
}
Event: 6.639 GC heap after
{Heap after GC invocations=13 (full 0):
 garbage-first heap   total 149504K, used 85191K [0x0000000704400000, 0x0000000800000000)
  region size 2048K, 4 young (8192K), 4 survivors (8192K)
 Metaspace       used 34534K, committed 35072K, reserved 1114112K
  class space    used 3759K, committed 3968K, reserved 1048576K
}
Event: 6.969 GC heap before
{Heap before GC invocations=13 (full 0):
 garbage-first heap   total 149504K, used 124103K [0x0000000704400000, 0x0000000800000000)
  region size 2048K, 23 young (47104K), 4 survivors (8192K)
 Metaspace       used 35429K, committed 36032K, reserved 1114112K
  class space    used 3845K, committed 4096K, reserved 1048576K
}
Event: 6.972 GC heap after
{Heap after GC invocations=14 (full 0):
 garbage-first heap   total 149504K, used 84503K [0x0000000704400000, 0x0000000800000000)
  region size 2048K, 1 young (2048K), 1 survivors (2048K)
 Metaspace       used 35429K, committed 36032K, reserved 1114112K
  class space    used 3845K, committed 4096K, reserved 1048576K
}

Dll operation events (12 events):
Event: 0.008 Loaded shared library C:\Program Files\Java\jdk-21\bin\java.dll
Event: 0.032 Loaded shared library C:\Program Files\Java\jdk-21\bin\jsvml.dll
Event: 0.057 Loaded shared library C:\Program Files\Java\jdk-21\bin\zip.dll
Event: 0.060 Loaded shared library C:\Program Files\Java\jdk-21\bin\instrument.dll
Event: 0.064 Loaded shared library C:\Program Files\Java\jdk-21\bin\net.dll
Event: 0.065 Loaded shared library C:\Program Files\Java\jdk-21\bin\nio.dll
Event: 0.068 Loaded shared library C:\Program Files\Java\jdk-21\bin\zip.dll
Event: 0.081 Loaded shared library C:\Program Files\JetBrains\IntelliJ IDEA Community Edition 2024.1.2\bin\breakgen64.dll
Event: 0.087 Loaded shared library C:\Program Files\Java\jdk-21\bin\extnet.dll
Event: 0.162 Loaded shared library C:\Program Files\Java\jdk-21\bin\jimage.dll
Event: 0.175 Loaded shared library C:\Users\shrih\AppData\Local\Temp\jansi-2.4.0-38e86116de0f0be7-jansi.dll
Event: 0.184 Loaded shared library C:\Program Files\Java\jdk-21\bin\verify.dll

Deoptimization events (20 events):
Event: 7.244 Thread 0x000001c17209ae00 Uncommon trap: trap_request=0xffffff45 fr.pc=0x000001c11a583090 relative=0x00000000000000f0
Event: 7.244 Thread 0x000001c17209ae00 Uncommon trap: reason=unstable_if action=reinterpret pc=0x000001c11a583090 method=java.lang.String.getBytes([BIB)V @ 5 c2
Event: 7.244 Thread 0x000001c17209ae00 DEOPT PACKING pc=0x000001c11a583090 sp=0x00000048a9ffef80
Event: 7.244 Thread 0x000001c17209ae00 DEOPT UNPACKING pc=0x000001c119e546a2 sp=0x00000048a9ffef48 mode 2
Event: 7.244 Thread 0x000001c17209ae00 Uncommon trap: trap_request=0xffffff45 fr.pc=0x000001c11a5f59e4 relative=0x0000000000000524
Event: 7.244 Thread 0x000001c17209ae00 Uncommon trap: reason=unstable_if action=reinterpret pc=0x000001c11a5f59e4 method=java.lang.String.<init>(Ljava/lang/AbstractStringBuilder;Ljava/lang/Void;)V @ 19 c2
Event: 7.244 Thread 0x000001c17209ae00 DEOPT PACKING pc=0x000001c11a5f59e4 sp=0x00000048a9fff0c0
Event: 7.244 Thread 0x000001c17209ae00 DEOPT UNPACKING pc=0x000001c119e546a2 sp=0x00000048a9ffefb8 mode 2
Event: 7.244 Thread 0x000001c17209ae00 Uncommon trap: trap_request=0xffffff76 fr.pc=0x000001c11ab37ae0 relative=0x00000000000016e0
Event: 7.244 Thread 0x000001c17209ae00 Uncommon trap: reason=predicate action=maybe_recompile pc=0x000001c11ab37ae0 method=java.util.regex.Pattern.compile()V @ 78 c2
Event: 7.244 Thread 0x000001c17209ae00 DEOPT PACKING pc=0x000001c11ab37ae0 sp=0x00000048a9fff150
Event: 7.244 Thread 0x000001c17209ae00 DEOPT UNPACKING pc=0x000001c119e546a2 sp=0x00000048a9fff100 mode 2
Event: 7.244 Thread 0x000001c17209ae00 Uncommon trap: trap_request=0xffffff45 fr.pc=0x000001c11a754b68 relative=0x00000000000000c8
Event: 7.244 Thread 0x000001c17209ae00 Uncommon trap: reason=unstable_if action=reinterpret pc=0x000001c11a754b68 method=java.lang.String.codePointAt(I)I @ 4 c2
Event: 7.244 Thread 0x000001c17209ae00 DEOPT PACKING pc=0x000001c11a754b68 sp=0x00000048a9fff100
Event: 7.244 Thread 0x000001c17209ae00 DEOPT UNPACKING pc=0x000001c119e546a2 sp=0x00000048a9fff098 mode 2
Event: 7.809 Thread 0x000001c17209e910 Uncommon trap: trap_request=0xffffffde fr.pc=0x000001c11a8bd2e0 relative=0x00000000000001c0
Event: 7.809 Thread 0x000001c17209e910 Uncommon trap: reason=class_check action=maybe_recompile pc=0x000001c11a8bd2e0 method=java.util.concurrent.locks.AbstractQueuedSynchronizer.acquireShared(I)V @ 2 c2
Event: 7.809 Thread 0x000001c17209e910 DEOPT PACKING pc=0x000001c11a8bd2e0 sp=0x00000048aa1ff3a0
Event: 7.809 Thread 0x000001c17209e910 DEOPT UNPACKING pc=0x000001c119e546a2 sp=0x00000048aa1ff378 mode 2

Classes loaded (20 events):
Event: 7.231 Loading class jdk/internal/logger/LoggerFinderLoader
Event: 7.231 Loading class jdk/internal/logger/LoggerFinderLoader done
Event: 7.232 Loading class jdk/internal/logger/LoggerFinderLoader$TemporaryLoggerFinder
Event: 7.232 Loading class jdk/internal/logger/LoggerFinderLoader$TemporaryLoggerFinder done
Event: 7.232 Loading class sun/util/logging/internal/LoggingProviderImpl$JULWrapper
Event: 7.232 Loading class sun/util/logging/PlatformLogger$ConfigurableBridge$LoggerConfiguration
Event: 7.232 Loading class sun/util/logging/PlatformLogger$ConfigurableBridge$LoggerConfiguration done
Event: 7.232 Loading class sun/util/logging/internal/LoggingProviderImpl$JULWrapper done
Event: 7.232 Loading class java/lang/System$Logger$Level
Event: 7.232 Loading class java/lang/System$Logger$Level done
Event: 7.232 Loading class java/nio/channels/ClosedChannelException
Event: 7.232 Loading class java/nio/channels/ClosedChannelException done
Event: 7.233 Loading class java/nio/channels/NonReadableChannelException
Event: 7.233 Loading class java/nio/channels/NonReadableChannelException done
Event: 7.234 Loading class java/nio/channels/NonWritableChannelException
Event: 7.234 Loading class java/nio/channels/NonWritableChannelException done
Event: 7.242 Loading class java/util/Scanner
Event: 7.242 Loading class java/util/Scanner done
Event: 7.243 Loading class java/util/Scanner$PatternLRUCache
Event: 7.243 Loading class java/util/Scanner$PatternLRUCache done

Classes unloaded (20 events):
Event: 6.981 Thread 0x000001c12a1a7fe0 Unloading class 0x000001c12c32e7e8 'lombok/javac/apt/MessagerDiagnosticsReceiver'
Event: 6.981 Thread 0x000001c12a1a7fe0 Unloading class 0x000001c12c32e420 'lombok/javac/apt/InterceptingJavaFileManager'
Event: 6.981 Thread 0x000001c12a1a7fe0 Unloading class 0x000001c12c32e218 'lombok/permit/dummy/Parent'
Event: 6.981 Thread 0x000001c12a1a7fe0 Unloading class 0x000001c12c32e000 'lombok/core/CleanupRegistry'
Event: 6.981 Thread 0x000001c12a1a7fe0 Unloading class 0x000001c12c32dde8 'lombok/permit/Permit$Fake'
Event: 6.981 Thread 0x000001c12a1a7fe0 Unloading class 0x000001c12c32dbe8 'lombok/permit/Permit'
Event: 6.981 Thread 0x000001c12a1a7fe0 Unloading class 0x000001c12c32d8f8 'lombok/javac/apt/LombokProcessor$1'
Event: 6.981 Thread 0x000001c12a1a7fe0 Unloading class 0x000001c12c32d700 'lombok/core/DiagnosticsReceiver'
Event: 6.981 Thread 0x000001c12a1a7fe0 Unloading class 0x000001c12c32d468 'lombok/javac/apt/LombokProcessor'
Event: 6.981 Thread 0x000001c12a1a7fe0 Unloading class 0x000001c12c32d238 'lombok/core/AnnotationProcessor$EcjDescriptor'
Event: 6.981 Thread 0x000001c12a1a7fe0 Unloading class 0x000001c12c32d000 'lombok/core/AnnotationProcessor$JavacDescriptor'
Event: 6.981 Thread 0x000001c12a1a7fe0 Unloading class 0x000001c12c32ca80 'lombok/core/AnnotationProcessor$ProcessorDescriptor'
Event: 6.981 Thread 0x000001c12a1a7fe0 Unloading class 0x000001c12c32c800 'lombok/core/AnnotationProcessor'
Event: 6.981 Thread 0x000001c12a1a7fe0 Unloading class 0x000001c12c389000 'lombok/launch/AnnotationProcessorHider$ClaimingProcessor'
Event: 6.981 Thread 0x000001c12a1a7fe0 Unloading class 0x000001c12c32c498 'lombok/launch/AnnotationProcessorHider$AstModificationNotifierData'
Event: 6.981 Thread 0x000001c12a1a7fe0 Unloading class 0x000001c12c32c218 'lombok/launch/ClassFileMetaData'
Event: 6.981 Thread 0x000001c12a1a7fe0 Unloading class 0x000001c12c32c000 'lombok/launch/PackageShader'
Event: 6.981 Thread 0x000001c12a1a7fe0 Unloading class 0x000001c12c308480 'lombok/launch/ShadowClassLoader'
Event: 6.981 Thread 0x000001c12a1a7fe0 Unloading class 0x000001c12c308280 'lombok/launch/Main'
Event: 6.981 Thread 0x000001c12a1a7fe0 Unloading class 0x000001c12c308000 'lombok/launch/AnnotationProcessorHider$AnnotationProcessor'

Classes redefined (0 events):
No events

Internal exceptions (20 events):
Event: 6.737 Thread 0x000001c10a53b740 Exception <a 'sun/nio/fs/WindowsException'{0x000000070c3d5ca8}> (0x000000070c3d5ca8) 
thrown [s\open\src\hotspot\share\prims\jni.cpp, line 520]
Event: 6.737 Thread 0x000001c10a53b740 Exception <a 'sun/nio/fs/WindowsException'{0x000000070c3d6780}> (0x000000070c3d6780) 
thrown [s\open\src\hotspot\share\prims\jni.cpp, line 520]
Event: 6.737 Thread 0x000001c10a53b740 Exception <a 'sun/nio/fs/WindowsException'{0x000000070c3d7328}> (0x000000070c3d7328) 
thrown [s\open\src\hotspot\share\prims\jni.cpp, line 520]
Event: 6.740 Thread 0x000001c10a53b740 Exception <a 'sun/nio/fs/WindowsException'{0x000000070c00f918}> (0x000000070c00f918) 
thrown [s\open\src\hotspot\share\prims\jni.cpp, line 520]
Event: 6.740 Thread 0x000001c10a53b740 Exception <a 'sun/nio/fs/WindowsException'{0x000000070c0103f0}> (0x000000070c0103f0) 
thrown [s\open\src\hotspot\share\prims\jni.cpp, line 520]
Event: 6.740 Thread 0x000001c10a53b740 Exception <a 'sun/nio/fs/WindowsException'{0x000000070c010f98}> (0x000000070c010f98) 
thrown [s\open\src\hotspot\share\prims\jni.cpp, line 520]
Event: 6.742 Thread 0x000001c10a53b740 Exception <a 'sun/nio/fs/WindowsException'{0x000000070c0446a8}> (0x000000070c0446a8) 
thrown [s\open\src\hotspot\share\prims\jni.cpp, line 520]
Event: 6.742 Thread 0x000001c10a53b740 Exception <a 'sun/nio/fs/WindowsException'{0x000000070c045180}> (0x000000070c045180) 
thrown [s\open\src\hotspot\share\prims\jni.cpp, line 520]
Event: 6.743 Thread 0x000001c10a53b740 Exception <a 'sun/nio/fs/WindowsException'{0x000000070c045d28}> (0x000000070c045d28) 
thrown [s\open\src\hotspot\share\prims\jni.cpp, line 520]
Event: 6.743 Thread 0x000001c10a53b740 Exception <a 'sun/nio/fs/WindowsException'{0x000000070c065f40}> (0x000000070c065f40) 
thrown [s\open\src\hotspot\share\prims\jni.cpp, line 520]
Event: 6.744 Thread 0x000001c10a53b740 Exception <a 'sun/nio/fs/WindowsException'{0x000000070c066a18}> (0x000000070c066a18) 
thrown [s\open\src\hotspot\share\prims\jni.cpp, line 520]
Event: 6.744 Thread 0x000001c10a53b740 Exception <a 'sun/nio/fs/WindowsException'{0x000000070c0675c0}> (0x000000070c0675c0) 
thrown [s\open\src\hotspot\share\prims\jni.cpp, line 520]
Event: 6.821 Thread 0x000001c10a53b740 Implicit null exception at 0x000001c11a7c69a2 to 0x000001c11a7c7e5c
Event: 7.047 Thread 0x000001c17209c1b0 Exception <a 'java/lang/NoSuchMethodError'{0x000000070c6e8d00}: 'java.lang.Object java.lang.invoke.DirectMethodHandle$Holder.invokeStatic(java.lang.Object, long, java.lang.Object)'> (0x000000070c6e8d00) 
thrown [s\open\src\hotspot\share\interpreter\linkResolver.cpp, line 773]
Event: 7.047 Thread 0x000001c17209c1b0 Exception <a 'java/lang/NoSuchMethodError'{0x000000070c6ec0a8}: 'java.lang.Object java.lang.invoke.DirectMethodHandle$Holder.invokeStaticInit(java.lang.Object, long, java.lang.Object)'> (0x000000070c6ec0a8) 
thrown [s\open\src\hotspot\share\interpreter\linkResolver.cpp, line 773]
Event: 7.047 Thread 0x000001c17209c1b0 Exception <a 'java/lang/NoSuchMethodError'{0x000000070c6f14a0}: 'java.lang.Object java.lang.invoke.DirectMethodHandle$Holder.newInvokeSpecial(java.lang.Object, long)'> (0x000000070c6f14a0) 
thrown [s\open\src\hotspot\share\interpreter\linkResolver.cpp, line 773]
Event: 7.049 Thread 0x000001c17209c1b0 Exception <a 'java/lang/NoSuchMethodError'{0x000000070c6f5c28}: 'long java.lang.invoke.DirectMethodHandle$Holder.invokeInterface(java.lang.Object, java.lang.Object)'> (0x000000070c6f5c28) 
thrown [s\open\src\hotspot\share\interpreter\linkResolver.cpp, line 773]
Event: 7.049 Thread 0x000001c17209c1b0 Exception <a 'java/lang/NoSuchMethodError'{0x000000070c6f90e0}: 'long java.lang.invoke.DelegatingMethodHandle$Holder.reinvoke_L(java.lang.Object, java.lang.Object)'> (0x000000070c6f90e0) 
thrown [s\open\src\hotspot\share\interpreter\linkResolver.cpp, line 773]
Event: 7.093 Thread 0x000001c10a53b740 Exception <a 'java/lang/NoSuchMethodError'{0x000000070c21f298}: 'java.lang.Object java.lang.invoke.DirectMethodHandle$Holder.invokeStaticInit(java.lang.Object, java.lang.Object, int, int, int, int)'> (0x000000070c21f298) 
thrown [s\open\src\hotspot\share\interpreter\linkResolver.cpp, line 773]
Event: 7.229 Thread 0x000001c10a53b740 Exception <a 'java/lang/NoSuchMethodError'{0x000000070b86d370}: 'void java.lang.invoke.DirectMethodHandle$Holder.invokeStatic(java.lang.Object, long)'> (0x000000070b86d370) 
thrown [s\open\src\hotspot\share\interpreter\linkResolver.cpp, line 773]

ZGC Phase Switch (0 events):
No events

VM Operations (20 events):
Event: 6.931 Executing VM operation: ICBufferFull
Event: 6.931 Executing VM operation: ICBufferFull done
Event: 6.969 Executing VM operation: G1CollectForAllocation (G1 Evacuation Pause)
Event: 6.972 Executing VM operation: G1CollectForAllocation (G1 Evacuation Pause) done
Event: 6.980 Executing VM operation: G1PauseRemark
Event: 6.991 Executing VM operation: G1PauseRemark done
Event: 6.996 Executing VM operation: G1PauseCleanup
Event: 6.996 Executing VM operation: G1PauseCleanup done
Event: 7.035 Executing VM operation: HandshakeAllThreads (Deoptimize)
Event: 7.035 Executing VM operation: HandshakeAllThreads (Deoptimize) done
Event: 7.056 Executing VM operation: HandshakeAllThreads (Deoptimize)
Event: 7.056 Executing VM operation: HandshakeAllThreads (Deoptimize) done
Event: 7.189 Executing VM operation: HandshakeAllThreads (Deoptimize)
Event: 7.189 Executing VM operation: HandshakeAllThreads (Deoptimize) done
Event: 7.196 Executing VM operation: HandshakeAllThreads (Deoptimize)
Event: 7.196 Executing VM operation: HandshakeAllThreads (Deoptimize) done
Event: 7.197 Executing VM operation: HandshakeAllThreads (Deoptimize)
Event: 7.197 Executing VM operation: HandshakeAllThreads (Deoptimize) done
Event: 7.230 Executing VM operation: HandshakeAllThreads (Deoptimize)
Event: 7.230 Executing VM operation: HandshakeAllThreads (Deoptimize) done

Events (20 events):
Event: 6.990 Thread 0x000001c12a1a7fe0 flushing nmethod 0x000001c113bb2690
Event: 6.990 Thread 0x000001c12a1a7fe0 flushing nmethod 0x000001c113bb6a90
Event: 6.990 Thread 0x000001c12a1a7fe0 flushing nmethod 0x000001c113bbd090
Event: 6.990 Thread 0x000001c12a1a7fe0 flushing nmethod 0x000001c113bbdf10
Event: 6.990 Thread 0x000001c12a1a7fe0 flushing nmethod 0x000001c113bfdc90
Event: 6.990 Thread 0x000001c12a1a7fe0 flushing nmethod 0x000001c113c00410
Event: 6.990 Thread 0x000001c12a1a7fe0 flushing nmethod 0x000001c113c00b10
Event: 6.990 Thread 0x000001c12a1a7fe0 flushing nmethod 0x000001c113c01310
Event: 6.990 Thread 0x000001c12a1a7fe0 flushing nmethod 0x000001c113c02a10
Event: 6.990 Thread 0x000001c12a1a7fe0 flushing nmethod 0x000001c113c03490
Event: 6.990 Thread 0x000001c12a1a7fe0 flushing nmethod 0x000001c113c05190
Event: 6.990 Thread 0x000001c12a1a7fe0 flushing nmethod 0x000001c113c05a10
Event: 7.037 Thread 0x000001c17209c1b0 Thread added: 0x000001c17209c1b0
Event: 7.050 Thread 0x000001c17209c1b0 Thread exited: 0x000001c17209c1b0
Event: 7.153 Thread 0x000001c17209e280 Thread added: 0x000001c17209e280
Event: 7.155 Thread 0x000001c1720a1070 Thread added: 0x000001c1720a1070
Event: 7.220 Thread 0x000001c17209a0e0 Thread added: 0x000001c17209a0e0
Event: 7.242 Thread 0x000001c17209ae00 Thread added: 0x000001c17209ae00
Event: 7.242 Thread 0x000001c17209d560 Thread added: 0x000001c17209d560
Event: 7.247 Thread 0x000001c17209e910 Thread added: 0x000001c17209e910


Dynamic libraries:
0x00007ff61fed0000 - 0x00007ff61fee0000 	C:\Program Files\Java\jdk-21\bin\java.exe
0x00007ffba0250000 - 0x00007ffba0467000 	C:\WINDOWS\SYSTEM32\ntdll.dll
0x00007ffb9f820000 - 0x00007ffb9f8e4000 	C:\WINDOWS\System32\KERNEL32.DLL
0x00007ffb9d520000 - 0x00007ffb9d8da000 	C:\WINDOWS\System32\KERNELBASE.dll
0x00007ffb9dcb0000 - 0x00007ffb9ddc1000 	C:\WINDOWS\System32\ucrtbase.dll
0x00007ffb958d0000 - 0x00007ffb958e9000 	C:\Program Files\Java\jdk-21\bin\jli.dll
0x00007ffb979a0000 - 0x00007ffb979bb000 	C:\Program Files\Java\jdk-21\bin\VCRUNTIME140.dll
0x00007ffb9ec40000 - 0x00007ffb9ecf2000 	C:\WINDOWS\System32\ADVAPI32.dll
0x00007ffb9fc20000 - 0x00007ffb9fcc7000 	C:\WINDOWS\System32\msvcrt.dll
0x00007ffb9dfd0000 - 0x00007ffb9e077000 	C:\WINDOWS\System32\sechost.dll
0x00007ffb9de70000 - 0x00007ffb9de98000 	C:\WINDOWS\System32\bcrypt.dll
0x00007ffb9fb00000 - 0x00007ffb9fc14000 	C:\WINDOWS\System32\RPCRT4.dll
0x00007ffba0030000 - 0x00007ffba01de000 	C:\WINDOWS\System32\USER32.dll
0x00007ffb9df20000 - 0x00007ffb9df46000 	C:\WINDOWS\System32\win32u.dll
0x00007ffb9fcd0000 - 0x00007ffb9fcf9000 	C:\WINDOWS\System32\GDI32.dll
0x00007ffb87680000 - 0x00007ffb87912000 	C:\WINDOWS\WinSxS\amd64_microsoft.windows.common-controls_6595b64144ccf1df_6.0.22621.4541_none_2710d1c57384c085\COMCTL32.dll
0x00007ffb9d9a0000 - 0x00007ffb9dabb000 	C:\WINDOWS\System32\gdi32full.dll
0x00007ffb9ddd0000 - 0x00007ffb9de6a000 	C:\WINDOWS\System32\msvcp_win.dll
0x00007ffb97af0000 - 0x00007ffb97afa000 	C:\WINDOWS\SYSTEM32\VERSION.dll
0x00007ffb9e1f0000 - 0x00007ffb9e221000 	C:\WINDOWS\System32\IMM32.DLL
0x00007ffb95820000 - 0x00007ffb9582c000 	C:\Program Files\Java\jdk-21\bin\vcruntime140_1.dll
0x00007ffb708a0000 - 0x00007ffb7092e000 	C:\Program Files\Java\jdk-21\bin\msvcp140.dll
0x00007ffaaca00000 - 0x00007ffaad713000 	C:\Program Files\Java\jdk-21\bin\server\jvm.dll
0x00007ffb9f970000 - 0x00007ffb9f9e1000 	C:\WINDOWS\System32\WS2_32.dll
0x00007ffb92160000 - 0x00007ffb92194000 	C:\WINDOWS\SYSTEM32\WINMM.dll
0x00007ffb9c3b0000 - 0x00007ffb9c3fd000 	C:\WINDOWS\SYSTEM32\POWRPROF.dll
0x00007ffb9c390000 - 0x00007ffb9c3a3000 	C:\WINDOWS\SYSTEM32\UMPDC.dll
0x00007ffb9c650000 - 0x00007ffb9c668000 	C:\WINDOWS\SYSTEM32\kernel.appcore.dll
0x00007ffb95290000 - 0x00007ffb9529a000 	C:\Program Files\Java\jdk-21\bin\jimage.dll
0x00007ffb9aaa0000 - 0x00007ffb9acd2000 	C:\WINDOWS\SYSTEM32\DBGHELP.DLL
0x00007ffb9f1f0000 - 0x00007ffb9f57f000 	C:\WINDOWS\System32\combase.dll
0x00007ffb9f740000 - 0x00007ffb9f817000 	C:\WINDOWS\System32\OLEAUT32.dll
0x00007ffb7f440000 - 0x00007ffb7f472000 	C:\WINDOWS\SYSTEM32\dbgcore.DLL
0x00007ffb9dac0000 - 0x00007ffb9db3b000 	C:\WINDOWS\System32\bcryptPrimitives.dll
0x00007ffb95900000 - 0x00007ffb9590f000 	C:\Program Files\Java\jdk-21\bin\instrument.dll
0x00007ffb8d3a0000 - 0x00007ffb8d3bf000 	C:\Program Files\Java\jdk-21\bin\java.dll
0x00007ffb9e230000 - 0x00007ffb9eaa8000 	C:\WINDOWS\System32\SHELL32.dll
0x00007ffb9b420000 - 0x00007ffb9bd28000 	C:\WINDOWS\SYSTEM32\windows.storage.dll
0x00007ffb9b2e0000 - 0x00007ffb9b41f000 	C:\WINDOWS\SYSTEM32\wintypes.dll
0x00007ffb9eab0000 - 0x00007ffb9ebaa000 	C:\WINDOWS\System32\SHCORE.dll
0x00007ffb9feb0000 - 0x00007ffb9ff0e000 	C:\WINDOWS\System32\shlwapi.dll
0x00007ffb9d450000 - 0x00007ffb9d47b000 	C:\WINDOWS\SYSTEM32\profapi.dll
0x00007ffb707c0000 - 0x00007ffb70897000 	C:\Program Files\Java\jdk-21\bin\jsvml.dll
0x00007ffb7d120000 - 0x00007ffb7d138000 	C:\Program Files\Java\jdk-21\bin\zip.dll
0x00007ffb8ad80000 - 0x00007ffb8ad90000 	C:\Program Files\Java\jdk-21\bin\net.dll
0x00007ffb98110000 - 0x00007ffb98246000 	C:\WINDOWS\SYSTEM32\WINHTTP.dll
0x00007ffb9cad0000 - 0x00007ffb9cb39000 	C:\WINDOWS\system32\mswsock.dll
0x00007ffb8ad10000 - 0x00007ffb8ad26000 	C:\Program Files\Java\jdk-21\bin\nio.dll
0x00007ffb95880000 - 0x00007ffb9589a000 	C:\Program Files\JetBrains\IntelliJ IDEA Community Edition 2024.1.2\bin\breakgen64.dll
0x00007ffb76f80000 - 0x00007ffb76f89000 	C:\Program Files\Java\jdk-21\bin\extnet.dll
0x0000000069ac0000 - 0x0000000069ae4000 	C:\Users\shrih\AppData\Local\Temp\jansi-2.4.0-38e86116de0f0be7-jansi.dll
0x00007ffb958f0000 - 0x00007ffb95900000 	C:\Program Files\Java\jdk-21\bin\verify.dll
0x00007ffb9cd20000 - 0x00007ffb9cd3b000 	C:\WINDOWS\SYSTEM32\CRYPTSP.dll
0x00007ffb9c5b0000 - 0x00007ffb9c5e5000 	C:\WINDOWS\system32\rsaenh.dll
0x00007ffb9cbc0000 - 0x00007ffb9cbe8000 	C:\WINDOWS\SYSTEM32\USERENV.dll
0x00007ffb9cd40000 - 0x00007ffb9cd4c000 	C:\WINDOWS\SYSTEM32\CRYPTBASE.dll
0x00007ffb9c010000 - 0x00007ffb9c03d000 	C:\WINDOWS\SYSTEM32\IPHLPAPI.DLL
0x00007ffb9ed00000 - 0x00007ffb9ed09000 	C:\WINDOWS\System32\NSI.dll

dbghelp: loaded successfully - version: 4.0.5 - missing functions: none
symbol engine: initialized successfully - sym options: 0x614 - pdb path: .;C:\Program Files\Java\jdk-21\bin;C:\WINDOWS\SYSTEM32;C:\WINDOWS\WinSxS\amd64_microsoft.windows.common-controls_6595b64144ccf1df_6.0.22621.4541_none_2710d1c57384c085;C:\Program Files\Java\jdk-21\bin\server;C:\Program Files\JetBrains\IntelliJ IDEA Community Edition 2024.1.2\bin;C:\Users\shrih\AppData\Local\Temp

VM Arguments:
jvm_args: -Dmaven.multiModuleProjectDirectory=C:\Users\shrih\OneDrive\Documents\SpringApp-kubernetes\springReactBackEnd\springReactBackEnd -Djansi.passthrough=true -Dmaven.home=C:\Program Files\JetBrains\IntelliJ IDEA Community Edition 2024.1.2\plugins\maven\lib\maven3 -Dclassworlds.conf=C:\Program Files\JetBrains\IntelliJ IDEA Community Edition 2024.1.2\plugins\maven\lib\maven3\bin\m2.conf -Dmaven.ext.class.path=C:\Program Files\JetBrains\IntelliJ IDEA Community Edition 2024.1.2\plugins\maven\lib\maven-event-listener.jar -javaagent:C:\Program Files\JetBrains\IntelliJ IDEA Community Edition 2024.1.2\lib\idea_rt.jar=54629:C:\Program Files\JetBrains\IntelliJ IDEA Community Edition 2024.1.2\bin -Dfile.encoding=UTF-8 -Dsun.stdout.encoding=UTF-8 -Dsun.stderr.encoding=UTF-8 
java_command: org.codehaus.classworlds.Launcher -Didea.version=2024.1.2 install
java_class_path (initial): C:\Program Files\JetBrains\IntelliJ IDEA Community Edition 2024.1.2\plugins\maven\lib\maven3\boot\plexus-classworlds-2.7.0.jar;C:\Program Files\JetBrains\IntelliJ IDEA Community Edition 2024.1.2\plugins\maven\lib\maven3\boot\plexus-classworlds.license
Launcher Type: SUN_STANDARD

[Global flags]
     intx CICompilerCount                          = 12                                        {product} {ergonomic}
     uint ConcGCThreads                            = 4                                         {product} {ergonomic}
     uint G1ConcRefinementThreads                  = 15                                        {product} {ergonomic}
   size_t G1HeapRegionSize                         = 2097152                                   {product} {ergonomic}
    uintx GCDrainStackTargetSize                   = 64                                        {product} {ergonomic}
   size_t InitialHeapSize                          = 264241152                                 {product} {ergonomic}
   size_t MarkStackSize                            = 4194304                                   {product} {ergonomic}
   size_t MaxHeapSize                              = 4223664128                                {product} {ergonomic}
   size_t MaxNewSize                               = 2533359616                                {product} {ergonomic}
   size_t MinHeapDeltaBytes                        = 2097152                                   {product} {ergonomic}
   size_t MinHeapSize                              = 8388608                                   {product} {ergonomic}
    uintx NonNMethodCodeHeapSize                   = 7602480                                {pd product} {ergonomic}
    uintx NonProfiledCodeHeapSize                  = 122027880                              {pd product} {ergonomic}
    uintx ProfiledCodeHeapSize                     = 122027880                              {pd product} {ergonomic}
    uintx ReservedCodeCacheSize                    = 251658240                              {pd product} {ergonomic}
     bool SegmentedCodeCache                       = true                                      {product} {ergonomic}
   size_t SoftMaxHeapSize                          = 4223664128                             {manageable} {ergonomic}
     bool UseCompressedOops                        = true                           {product lp64_product} {ergonomic}
     bool UseG1GC                                  = true                                      {product} {ergonomic}
     bool UseLargePagesIndividualAllocation        = false                                  {pd product} {ergonomic}

Logging:
Log output configuration:
 #0: stdout all=warning uptime,level,tags foldmultilines=false
 #1: stderr all=off uptime,level,tags foldmultilines=false

Environment Variables:
JAVA_HOME=C:\Program Files\Amazon Corretto\jdk11.0.23_9
PATH=C:\Program Files\Microsoft SDKs\Azure\CLI2\wbin;C:\Program Files\Common Files\Oracle\Java\javapath;C:\Program Files (x86)\Common Files\Oracle\Java\java8path;C:\Program Files (x86)\Common Files\Oracle\Java\javapath;C:\Program Files\Amazon Corretto\jdk11.0.23_9\bin;C:\Windows\system32;C:\Windows;C:\Windows\System32\Wbem;C:\Windows\System32\WindowsPowerShell\v1.0\;C:\Windows\System32\OpenSSH\;C:\Program Files (x86)\NVIDIA Corporation\PhysX\Common;C:\Users\shrih\AppData\Local\Programs\Python\Python311\;C:\Users\shrih\AppData\Local\Programs\Python\Python311\Scripts\;C:\WINDOWS\system32;C:\WINDOWS;C:\WINDOWS\System32\Wbem;C:\WINDOWS\System32\WindowsPowerShell\v1.0\;C:\WINDOWS\System32\OpenSSH\;C:\Program Files\PuTTY\;C:\ProgramData\chocolatey\bin;C:\HashiCorp\Vagrant\bin;C:\Program Files\Git\cmd;C:\ProgramData\chocolatey\lib\maven\apache-maven-3.9.6\bin;C:\Program Files\Amazon\AWSCLIV2\;C:\Program Files\NVIDIA Corporation\NVIDIA NvDLISR;C:\Program Files\Java\jdk-22\bin;C:\Program Files\RedHat\Podman\;C:\Program Files\MySQL\MySQL Server 8.0\bin;C:\Program Files (x86)\PowerShell\7\;C:\Program Files\nodejs\;C:\Program Files\Oracle\VirtualBox;;C:\Program Files\Docker\Docker\resources\bin;C:\Program Files\MySQL\MySQL Shell 8.0\bin\;C:\WINDOWS\system32\config\systemprofile\AppData\Local\Microsoft\WindowsApps;C:\Program Files\JetBrains\IntelliJ IDEA Community Edition 2023.1.1\bin;;C:\Users\shrih\AppData\Local\GitHubDesktop\bin;C:\Users\shrih\AppData\Local\Programs\Microsoft VS Code\bin;C:\Program Files\Lens\resources\cli\bin;C:\Users\shrih\AppData\Roaming\npm
USERNAME=shrih
OS=Windows_NT
PROCESSOR_IDENTIFIER=Intel64 Family 6 Model 154 Stepping 3, GenuineIntel
TMP=C:\Users\shrih\AppData\Local\Temp
TEMP=C:\Users\shrih\AppData\Local\Temp




Periodic native trim disabled

---------------  S Y S T E M  ---------------

OS:
 Windows 11 , 64 bit Build 22621 (10.0.22621.4391)
OS uptime: 0 days 3:09 hours
Hyper-V role detected

CPU: total 20 (initial active 20) (10 cores per cpu, 2 threads per core) family 6 model 154 stepping 3 microcode 0x432, cx8, cmov, fxsr, ht, mmx, 3dnowpref, sse, sse2, sse3, ssse3, sse4.1, sse4.2, popcnt, lzcnt, tsc, tscinvbit, avx, avx2, aes, erms, clmul, bmi1, bmi2, adx, sha, fma, vzeroupper, clflush, clflushopt, clwb, hv, serialize, rdtscp, rdpid, fsrm, f16c, cet_ibt, cet_ss
Processor Information for processor 0
  Max Mhz: 2300, Current Mhz: 2300, Mhz Limit: 2300
Processor Information for processor 1
  Max Mhz: 2300, Current Mhz: 1506, Mhz Limit: 2300
Processor Information for processor 2
  Max Mhz: 2300, Current Mhz: 1506, Mhz Limit: 2300
Processor Information for processor 3
  Max Mhz: 2300, Current Mhz: 2300, Mhz Limit: 2300
Processor Information for processor 4
  Max Mhz: 2300, Current Mhz: 2300, Mhz Limit: 2300
Processor Information for processor 5
  Max Mhz: 2300, Current Mhz: 2300, Mhz Limit: 2300
Processor Information for processor 6
  Max Mhz: 2300, Current Mhz: 2300, Mhz Limit: 2300
Processor Information for processor 7
  Max Mhz: 2300, Current Mhz: 2300, Mhz Limit: 2300
Processor Information for processor 8
  Max Mhz: 2300, Current Mhz: 2300, Mhz Limit: 2300
Processor Information for processor 9
  Max Mhz: 2300, Current Mhz: 1506, Mhz Limit: 2300
Processor Information for processor 10
  Max Mhz: 2300, Current Mhz: 2300, Mhz Limit: 2300
Processor Information for processor 11
  Max Mhz: 2300, Current Mhz: 1506, Mhz Limit: 2300
Processor Information for processor 12
  Max Mhz: 2300, Current Mhz: 1700, Mhz Limit: 1679
Processor Information for processor 13
  Max Mhz: 2300, Current Mhz: 1500, Mhz Limit: 1679
Processor Information for processor 14
  Max Mhz: 2300, Current Mhz: 1700, Mhz Limit: 1679
Processor Information for processor 15
  Max Mhz: 2300, Current Mhz: 1700, Mhz Limit: 1679
Processor Information for processor 16
  Max Mhz: 2300, Current Mhz: 1500, Mhz Limit: 1679
Processor Information for processor 17
  Max Mhz: 2300, Current Mhz: 1700, Mhz Limit: 1679
Processor Information for processor 18
  Max Mhz: 2300, Current Mhz: 1500, Mhz Limit: 1679
Processor Information for processor 19
  Max Mhz: 2300, Current Mhz: 1500, Mhz Limit: 1679

Memory: 4k page, system-wide physical 16108M (1165M free)
TotalPageFile size 28396M (AvailPageFile size 4M)
current process WorkingSet (physical memory assigned to process): 482M, peak: 482M
current process commit charge ("private bytes"): 541M, peak: 547M

vm_info: Java HotSpot(TM) 64-Bit Server VM (21.0.4+8-LTS-274) for windows-amd64 JRE (21.0.4+8-LTS-274), built on 2024-06-05T05:23:33Z by "mach5one" with MS VC++ 17.6 (VS2022)

END.
